[2022.08.29 15:08:27,903] Файл конфигурации - setting.xml
[2022.08.29 15:08:27,925] Папка для результатов - 1/29082022_150827
[2022.08.29 15:08:27,927] Добавлено устройство: РМУ-4
[2022.08.29 15:08:27,927] Добавлено устройство: РЛСМ-10-64
[2022.08.29 15:08:27,927] Добавлен тест: 'Тест обмена УСО - БЛОК/КЛУБ'
[2022.08.29 15:08:27,947] Добавлен тест: 'Тест обмена БЛОК/КЛУБ - УСО'
[2022.08.29 15:08:27,947] ------------- Подготовка к тестированию ---------------
[2022.08.29 15:08:28,781] Порт COM7 открыт: boudrate=9600 parity=0 stopbits=1
[2022.08.29 15:08:29,595] Порт COM8 открыт: boudrate=115200 parity=0 stopbits=1
[2022.08.29 15:08:29,610] Соединение c 172.20.104.225 установлено - модуль 200
[2022.08.29 15:08:29,610] Соединение c 172.20.104.218 установлено - модуль 1
[2022.08.29 15:08:29,610] Соединение c 172.20.104.218 установлено - модуль 2
[2022.08.29 15:08:29,610] Устройство 'РЛСМ-10-64' : 21:24.220 version : hard=2 soft=4.56 (Jul 14 2021 11:09:13) matrix=1 rev=1 tr_hard=4 tr_soft=3.17.3
[2022.08.29 15:08:29,610] Устройство 'РЛСМ-10-64' готово
[2022.08.29 15:08:29,610] ------------- Начало тестирования ---------------------
[2022.08.29 15:08:29,610] Подготовка теста 'Тест обмена УСО - БЛОК/КЛУБ'
[2022.08.29 15:08:29,626] Устройство 'РМУ-4' :  version=5.9.3-4-g3bca92bd-master_h3, kernel=2.1, ramdisk=, kernel_mod=2.1
[2022.08.29 15:08:29,626] 172.20.104.218 > Команда 'loop_off' выполнена
[2022.08.29 15:08:29,626] 172.20.104.218 > Команда 'log_on' выполнена
[2022.08.29 15:08:29,626] 172.20.104.218 > Команда 'port_clear' выполнена
[2022.08.29 15:08:29,626] 172.20.104.225 > Команда 'loop_off' выполнена
[2022.08.29 15:08:29,626] 172.20.104.225 > Команда 'log_on' выполнена
[2022.08.29 15:08:29,626] 172.20.104.225 > Команда 'port_clear' выполнена
[2022.08.29 15:08:29,626] 172.20.104.225 > Команда 'radio_port_clear' выполнена
[2022.08.29 15:08:29,626] ------------ Тест 'Тест обмена УСО - БЛОК/КЛУБ' запущен -------------
[2022.08.29 15:08:29,626] Длительность теста 100 секунд
[2022.08.29 15:08:30,648] 1 сек из 100: передано 1, принято 0, нормально 0, ошибок 0, время 0.00/0.00/0.00 сек
[2022.08.29 15:08:31,660] 2 сек из 100: передано 1, принято 1, нормально 1, ошибок 0, время 1.29/1.29/1.29 сек
[2022.08.29 15:08:32,661] 3 сек из 100: передано 2, принято 1, нормально 1, ошибок 0, время 1.29/1.29/1.29 сек
[2022.08.29 15:08:33,660] 4 сек из 100: передано 2, принято 1, нормально 1, ошибок 0, время 1.29/1.29/1.29 сек
[2022.08.29 15:08:34,665] 5 сек из 100: передано 2, принято 2, нормально 2, ошибок 0, время 1.27/1.29/1.28 сек
[2022.08.29 15:08:35,650] 6 сек из 100: передано 3, принято 2, нормально 2, ошибок 0, время 1.27/1.29/1.28 сек
[2022.08.29 15:08:36,653] 7 сек из 100: передано 3, принято 2, нормально 2, ошибок 0, время 1.27/1.29/1.28 сек
[2022.08.29 15:08:37,657] 8 сек из 100: передано 3, принято 3, нормально 3, ошибок 0, время 1.27/1.29/1.28 сек
[2022.08.29 15:08:38,654] 9 сек из 100: передано 4, принято 3, нормально 3, ошибок 0, время 1.27/1.29/1.28 сек
[2022.08.29 15:08:39,655] 10 сек из 100: передано 4, принято 3, нормально 3, ошибок 0, время 1.27/1.29/1.28 сек
[2022.08.29 15:08:40,661] 11 сек из 100: передано 4, принято 4, нормально 4, ошибок 0, время 1.26/1.29/1.27 сек
[2022.08.29 15:08:41,660] 12 сек из 100: передано 5, принято 4, нормально 4, ошибок 0, время 1.26/1.29/1.27 сек
[2022.08.29 15:08:42,661] 13 сек из 100: передано 5, принято 4, нормально 4, ошибок 0, время 1.26/1.29/1.27 сек
[2022.08.29 15:08:43,662] 14 сек из 100: передано 5, принято 5, нормально 5, ошибок 0, время 1.31/1.31/1.28 сек
[2022.08.29 15:08:44,650] 15 сек из 100: передано 6, принято 5, нормально 5, ошибок 0, время 1.31/1.31/1.28 сек
[2022.08.29 15:08:45,664] 16 сек из 100: передано 6, принято 5, нормально 5, ошибок 0, время 1.31/1.31/1.28 сек
[2022.08.29 15:08:46,656] 17 сек из 100: передано 6, принято 6, нормально 6, ошибок 0, время 1.26/1.31/1.28 сек
[2022.08.29 15:08:47,669] 18 сек из 100: передано 7, принято 6, нормально 6, ошибок 0, время 1.26/1.31/1.28 сек
[2022.08.29 15:08:48,685] 19 сек из 100: передано 7, принято 6, нормально 6, ошибок 0, время 1.26/1.31/1.28 сек
[2022.08.29 15:08:49,687] 20 сек из 100: передано 7, принято 7, нормально 7, ошибок 0, время 1.30/1.31/1.28 сек
[2022.08.29 15:08:50,683] 21 сек из 100: передано 8, принято 7, нормально 7, ошибок 0, время 1.30/1.31/1.28 сек
[2022.08.29 15:08:51,690] 22 сек из 100: передано 8, принято 7, нормально 7, ошибок 0, время 1.30/1.31/1.28 сек
[2022.08.29 15:08:52,690] 23 сек из 100: передано 8, принято 8, нормально 8, ошибок 0, время 1.24/1.31/1.27 сек
[2022.08.29 15:08:53,709] 24 сек из 100: передано 9, принято 8, нормально 8, ошибок 0, время 1.24/1.31/1.27 сек
[2022.08.29 15:08:54,711] 25 сек из 100: передано 9, принято 8, нормально 8, ошибок 0, время 1.24/1.31/1.27 сек
[2022.08.29 15:08:55,713] 26 сек из 100: передано 9, принято 9, нормально 9, ошибок 0, время 1.30/1.31/1.28 сек
[2022.08.29 15:08:56,720] 27 сек из 100: передано 10, принято 9, нормально 9, ошибок 0, время 1.30/1.31/1.28 сек
[2022.08.29 15:08:57,716] 28 сек из 100: передано 10, принято 9, нормально 9, ошибок 0, время 1.30/1.31/1.28 сек
[2022.08.29 15:08:58,730] 29 сек из 100: передано 10, принято 10, нормально 10, ошибок 0, время 1.23/1.31/1.27 сек
[2022.08.29 15:08:59,735] 30 сек из 100: передано 11, принято 10, нормально 10, ошибок 0, время 1.23/1.31/1.27 сек
[2022.08.29 15:09:00,735] 31 сек из 100: передано 11, принято 10, нормально 10, ошибок 0, время 1.23/1.31/1.27 сек
[2022.08.29 15:09:01,737] 32 сек из 100: передано 11, принято 11, нормально 11, ошибок 0, время 1.28/1.31/1.27 сек
[2022.08.29 15:09:02,736] 33 сек из 100: передано 12, принято 11, нормально 11, ошибок 0, время 1.28/1.31/1.27 сек
[2022.08.29 15:09:03,736] 34 сек из 100: передано 12, принято 11, нормально 11, ошибок 0, время 1.28/1.31/1.27 сек
[2022.08.29 15:09:04,742] 35 сек из 100: передано 12, принято 12, нормально 12, ошибок 0, время 1.20/1.31/1.27 сек
[2022.08.29 15:09:05,729] 36 сек из 100: передано 13, принято 12, нормально 12, ошибок 0, время 1.20/1.31/1.27 сек
[2022.08.29 15:09:06,732] 37 сек из 100: передано 13, принято 12, нормально 12, ошибок 0, время 1.20/1.31/1.27 сек
[2022.08.29 15:09:07,732] 38 сек из 100: передано 13, принято 13, нормально 13, ошибок 0, время 1.27/1.31/1.27 сек
[2022.08.29 15:09:08,733] 39 сек из 100: передано 14, принято 13, нормально 13, ошибок 0, время 1.27/1.31/1.27 сек
[2022.08.29 15:09:09,735] 40 сек из 100: передано 14, принято 13, нормально 13, ошибок 0, время 1.27/1.31/1.27 сек
[2022.08.29 15:09:10,733] 41 сек из 100: передано 14, принято 14, нормально 14, ошибок 0, время 1.24/1.31/1.26 сек
[2022.08.29 15:09:11,738] 42 сек из 100: передано 15, принято 14, нормально 14, ошибок 0, время 1.24/1.31/1.26 сек
[2022.08.29 15:09:12,742] 43 сек из 100: передано 15, принято 14, нормально 14, ошибок 0, время 1.24/1.31/1.26 сек
[2022.08.29 15:09:13,740] 44 сек из 100: передано 15, принято 15, нормально 15, ошибок 0, время 1.33/1.33/1.27 сек
[2022.08.29 15:09:14,743] 45 сек из 100: передано 16, принято 15, нормально 15, ошибок 0, время 1.33/1.33/1.27 сек
[2022.08.29 15:09:15,732] 46 сек из 100: передано 16, принято 15, нормально 15, ошибок 0, время 1.33/1.33/1.27 сек
[2022.08.29 15:09:16,729] 47 сек из 100: передано 16, принято 16, нормально 16, ошибок 0, время 1.31/1.33/1.27 сек
[2022.08.29 15:09:17,732] 48 сек из 100: передано 17, принято 16, нормально 16, ошибок 0, время 1.31/1.33/1.27 сек
[2022.08.29 15:09:18,734] 49 сек из 100: передано 17, принято 16, нормально 16, ошибок 0, время 1.31/1.33/1.27 сек
[2022.08.29 15:09:19,741] 50 сек из 100: передано 17, принято 17, нормально 17, ошибок 0, время 1.31/1.33/1.27 сек
[2022.08.29 15:09:20,735] 51 сек из 100: передано 18, принято 17, нормально 17, ошибок 0, время 1.31/1.33/1.27 сек
[2022.08.29 15:09:21,739] 52 сек из 100: передано 18, принято 17, нормально 17, ошибок 0, время 1.31/1.33/1.27 сек
[2022.08.29 15:09:22,734] 53 сек из 100: передано 18, принято 18, нормально 18, ошибок 0, время 1.30/1.33/1.28 сек
[2022.08.29 15:09:23,740] 54 сек из 100: передано 19, принято 18, нормально 18, ошибок 0, время 1.30/1.33/1.28 сек
[2022.08.29 15:09:24,728] 55 сек из 100: передано 19, принято 18, нормально 18, ошибок 0, время 1.30/1.33/1.28 сек
[2022.08.29 15:09:25,728] 56 сек из 100: передано 19, принято 19, нормально 19, ошибок 0, время 1.29/1.33/1.28 сек
[2022.08.29 15:09:26,740] 57 сек из 100: передано 20, принято 19, нормально 19, ошибок 0, время 1.29/1.33/1.28 сек
[2022.08.29 15:09:27,732] 58 сек из 100: передано 20, принято 19, нормально 19, ошибок 0, время 1.29/1.33/1.28 сек
[2022.08.29 15:09:28,734] 59 сек из 100: передано 20, принято 20, нормально 20, ошибок 0, время 1.29/1.33/1.28 сек
[2022.08.29 15:09:29,777] 60 сек из 100: передано 21, принято 20, нормально 20, ошибок 0, время 1.29/1.33/1.28 сек
[2022.08.29 15:09:30,737] 61 сек из 100: передано 21, принято 20, нормально 20, ошибок 0, время 1.29/1.33/1.28 сек
[2022.08.29 15:09:31,730] 62 сек из 100: передано 21, принято 21, нормально 21, ошибок 0, время 1.26/1.33/1.28 сек
[2022.08.29 15:09:32,739] 63 сек из 100: передано 21, принято 21, нормально 21, ошибок 0, время 1.26/1.33/1.28 сек
[2022.08.29 15:09:33,739] 64 сек из 100: передано 22, принято 21, нормально 21, ошибок 0, время 1.26/1.33/1.28 сек
[2022.08.29 15:09:34,742] 65 сек из 100: передано 22, принято 22, нормально 22, ошибок 0, время 1.30/1.33/1.28 сек
[2022.08.29 15:09:35,739] 66 сек из 100: передано 22, принято 22, нормально 22, ошибок 0, время 1.30/1.33/1.28 сек
[2022.08.29 15:09:36,730] 67 сек из 100: передано 23, принято 22, нормально 22, ошибок 0, время 1.30/1.33/1.28 сек
[2022.08.29 15:09:37,734] 68 сек из 100: передано 23, принято 23, нормально 23, ошибок 0, время 1.23/1.33/1.27 сек
[2022.08.29 15:09:38,729] 69 сек из 100: передано 23, принято 23, нормально 23, ошибок 0, время 1.23/1.33/1.27 сек
[2022.08.29 15:09:39,737] 70 сек из 100: передано 24, принято 23, нормально 23, ошибок 0, время 1.23/1.33/1.27 сек
[2022.08.29 15:09:40,738] 71 сек из 100: передано 24, принято 24, нормально 24, ошибок 0, время 1.29/1.33/1.28 сек
[2022.08.29 15:09:41,731] 72 сек из 100: передано 24, принято 24, нормально 24, ошибок 0, время 1.29/1.33/1.28 сек
[2022.08.29 15:09:42,732] 73 сек из 100: передано 25, принято 24, нормально 24, ошибок 0, время 1.29/1.33/1.28 сек
[2022.08.29 15:09:43,730] 74 сек из 100: передано 25, принято 25, нормально 25, ошибок 0, время 1.23/1.33/1.27 сек
[2022.08.29 15:09:44,731] 75 сек из 100: передано 25, принято 25, нормально 25, ошибок 0, время 1.23/1.33/1.27 сек
[2022.08.29 15:09:45,732] 76 сек из 100: передано 26, принято 25, нормально 25, ошибок 0, время 1.23/1.33/1.27 сек
[2022.08.29 15:09:46,735] 77 сек из 100: передано 26, принято 26, нормально 26, ошибок 0, время 1.28/1.33/1.27 сек
[2022.08.29 15:09:47,737] 78 сек из 100: передано 26, принято 26, нормально 26, ошибок 0, время 1.28/1.33/1.27 сек
[2022.08.29 15:09:48,739] 79 сек из 100: передано 27, принято 26, нормально 26, ошибок 0, время 1.28/1.33/1.27 сек
[2022.08.29 15:09:49,740] 80 сек из 100: передано 27, принято 27, нормально 27, ошибок 0, время 1.41/1.41/1.28 сек
[2022.08.29 15:09:50,743] 81 сек из 100: передано 27, принято 27, нормально 27, ошибок 0, время 1.41/1.41/1.28 сек
[2022.08.29 15:09:51,739] 82 сек из 100: передано 28, принято 27, нормально 27, ошибок 0, время 1.41/1.41/1.28 сек
[2022.08.29 15:09:52,731] 83 сек из 100: передано 28, принято 28, нормально 28, ошибок 0, время 1.31/1.41/1.28 сек
[2022.08.29 15:09:53,733] 84 сек из 100: передано 28, принято 28, нормально 28, ошибок 0, время 1.31/1.41/1.28 сек
[2022.08.29 15:09:54,735] 85 сек из 100: передано 29, принято 28, нормально 28, ошибок 0, время 1.31/1.41/1.28 сек
[2022.08.29 15:09:55,735] 86 сек из 100: передано 29, принято 29, нормально 29, ошибок 0, время 1.21/1.41/1.28 сек
[2022.08.29 15:09:56,734] 87 сек из 100: передано 29, принято 29, нормально 29, ошибок 0, время 1.21/1.41/1.28 сек
[2022.08.29 15:09:57,741] 88 сек из 100: передано 30, принято 29, нормально 29, ошибок 0, время 1.21/1.41/1.28 сек
[2022.08.29 15:09:58,729] 89 сек из 100: передано 30, принято 30, нормально 30, ошибок 0, время 1.27/1.41/1.28 сек
[2022.08.29 15:09:59,731] 90 сек из 100: передано 30, принято 30, нормально 30, ошибок 0, время 1.27/1.41/1.28 сек
[2022.08.29 15:10:00,731] 91 сек из 100: передано 31, принято 30, нормально 30, ошибок 0, время 1.27/1.41/1.28 сек
[2022.08.29 15:10:01,734] 92 сек из 100: передано 31, принято 31, нормально 31, ошибок 0, время 1.21/1.41/1.27 сек
[2022.08.29 15:10:02,736] 93 сек из 100: передано 31, принято 31, нормально 31, ошибок 0, время 1.21/1.41/1.27 сек
[2022.08.29 15:10:03,729] 94 сек из 100: передано 32, принято 31, нормально 31, ошибок 0, время 1.21/1.41/1.27 сек
[2022.08.29 15:10:04,735] 95 сек из 100: передано 32, принято 32, нормально 32, ошибок 0, время 1.26/1.41/1.27 сек
[2022.08.29 15:10:05,742] 96 сек из 100: передано 32, принято 32, нормально 32, ошибок 0, время 1.26/1.41/1.27 сек
[2022.08.29 15:10:06,727] 97 сек из 100: передано 33, принято 32, нормально 32, ошибок 0, время 1.26/1.41/1.27 сек
[2022.08.29 15:10:07,730] 98 сек из 100: передано 33, принято 33, нормально 33, ошибок 0, время 1.31/1.41/1.28 сек
[2022.08.29 15:10:08,748] 99 сек из 100: передано 33, принято 33, нормально 33, ошибок 0, время 1.31/1.41/1.28 сек
[2022.08.29 15:10:12,661] Статистика: 
** Канальный уровень **
	Передано: 4930 байт
	Принято: 4849 байт
** Протокольный уровень **
	Передано: 68 пакетов
	Принято всего: 59 пакетов
	Всего ошибок : 0
	Ошибок CRC : 0
	Ошибок FSN : 0
	Отброшено : 2 байт
** Уровень приложения **
	Передано: 34 пакетов
	Принято всего: 34 пакетов
		Без ошибок : 34
		Всего ошибок : 0
		Ошибок CRC : 0
		Ошибок FSN : 0
[2022.08.29 15:10:12,661] ------------ Тест 'Тест обмена УСО - БЛОК/КЛУБ' завершен -------------
[2022.08.29 15:10:12,661] Подготовка теста 'Тест обмена БЛОК/КЛУБ - УСО'
[2022.08.29 15:10:12,661] 172.20.104.218 > Команда 'loop_off' выполнена
[2022.08.29 15:10:12,661] 172.20.104.218 > Команда 'log_on' выполнена
[2022.08.29 15:10:12,661] 172.20.104.218 > Команда 'port_clear' выполнена
[2022.08.29 15:10:12,677] 172.20.104.225 > Команда 'loop_off' выполнена
[2022.08.29 15:10:12,677] 172.20.104.225 > Команда 'log_on' выполнена
[2022.08.29 15:10:12,677] 172.20.104.225 > Команда 'port_clear' выполнена
[2022.08.29 15:10:12,677] 172.20.104.225 > Команда 'radio_port_clear' выполнена
[2022.08.29 15:10:12,677] ------------ Тест 'Тест обмена БЛОК/КЛУБ - УСО' запущен -------------
[2022.08.29 15:10:12,677] Длительность теста 100 секунд
[2022.08.29 15:10:13,694] 1 сек из 100: передано 1, принято 0, нормально 0, ошибок 0, время 0.00/0.00/0.00 сек
[2022.08.29 15:10:14,681] 2 сек из 100: передано 1, принято 1, нормально 1, ошибок 0, время 1.54/1.54/1.54 сек
[2022.08.29 15:10:15,681] 3 сек из 100: передано 2, принято 1, нормально 1, ошибок 0, время 1.54/1.54/1.54 сек
[2022.08.29 15:10:16,705] 4 сек из 100: передано 2, принято 1, нормально 1, ошибок 0, время 1.54/1.54/1.54 сек
[2022.08.29 15:10:17,699] 5 сек из 100: передано 2, принято 2, нормально 2, ошибок 0, время 1.43/1.54/1.48 сек
[2022.08.29 15:10:18,701] 6 сек из 100: передано 3, принято 2, нормально 2, ошибок 0, время 1.43/1.54/1.48 сек
[2022.08.29 15:10:19,704] 7 сек из 100: передано 3, принято 2, нормально 2, ошибок 0, время 1.43/1.54/1.48 сек
[2022.08.29 15:10:20,708] 8 сек из 100: передано 3, принято 3, нормально 3, ошибок 0, время 1.54/1.54/1.50 сек
[2022.08.29 15:10:21,703] 9 сек из 100: передано 4, принято 3, нормально 3, ошибок 0, время 1.54/1.54/1.50 сек
[2022.08.29 15:10:22,711] 10 сек из 100: передано 4, принято 3, нормально 3, ошибок 0, время 1.54/1.54/1.50 сек
[2022.08.29 15:10:23,710] 11 сек из 100: передано 4, принято 4, нормально 4, ошибок 0, время 1.41/1.54/1.48 сек
[2022.08.29 15:10:24,711] 12 сек из 100: передано 5, принято 4, нормально 4, ошибок 0, время 1.41/1.54/1.48 сек
[2022.08.29 15:10:25,703] 13 сек из 100: передано 5, принято 4, нормально 4, ошибок 0, время 1.41/1.54/1.48 сек
[2022.08.29 15:10:26,709] 14 сек из 100: передано 5, принято 5, нормально 5, ошибок 0, время 1.51/1.54/1.48 сек
[2022.08.29 15:10:27,715] 15 сек из 100: передано 6, принято 5, нормально 5, ошибок 0, время 1.51/1.54/1.48 сек
[2022.08.29 15:10:28,732] 16 сек из 100: передано 6, принято 5, нормально 5, ошибок 0, время 1.51/1.54/1.48 сек
[2022.08.29 15:10:29,735] 17 сек из 100: передано 6, принято 6, нормально 6, ошибок 0, время 1.38/1.54/1.47 сек
[2022.08.29 15:10:30,729] 18 сек из 100: передано 7, принято 6, нормально 6, ошибок 0, время 1.38/1.54/1.47 сек
[2022.08.29 15:10:31,738] 19 сек из 100: передано 7, принято 6, нормально 6, ошибок 0, время 1.38/1.54/1.47 сек
[2022.08.29 15:10:32,733] 20 сек из 100: передано 7, принято 7, нормально 7, ошибок 0, время 1.49/1.54/1.47 сек
[2022.08.29 15:10:33,741] 21 сек из 100: передано 8, принято 7, нормально 7, ошибок 0, время 1.49/1.54/1.47 сек
[2022.08.29 15:10:34,728] 22 сек из 100: передано 8, принято 7, нормально 7, ошибок 0, время 1.49/1.54/1.47 сек
[2022.08.29 15:10:35,737] 23 сек из 100: передано 8, принято 8, нормально 8, ошибок 0, время 1.59/1.59/1.49 сек
[2022.08.29 15:10:36,730] 24 сек из 100: передано 9, принято 8, нормально 8, ошибок 0, время 1.59/1.59/1.49 сек
[2022.08.29 15:10:37,730] 25 сек из 100: передано 9, принято 8, нормально 8, ошибок 0, время 1.59/1.59/1.49 сек
[2022.08.29 15:10:38,733] 26 сек из 100: передано 9, принято 9, нормально 9, ошибок 0, время 1.48/1.59/1.49 сек
[2022.08.29 15:10:39,735] 27 сек из 100: передано 10, принято 9, нормально 9, ошибок 0, время 1.48/1.59/1.49 сек
[2022.08.29 15:10:40,727] 28 сек из 100: передано 10, принято 9, нормально 9, ошибок 0, время 1.48/1.59/1.49 сек
[2022.08.29 15:10:41,735] 29 сек из 100: передано 10, принято 10, нормально 10, ошибок 0, время 1.59/1.59/1.50 сек
[2022.08.29 15:10:42,739] 30 сек из 100: передано 11, принято 10, нормально 10, ошибок 0, время 1.59/1.59/1.50 сек
[2022.08.29 15:10:43,741] 31 сек из 100: передано 11, принято 10, нормально 10, ошибок 0, время 1.59/1.59/1.50 сек
[2022.08.29 15:10:44,743] 32 сек из 100: передано 11, принято 11, нормально 11, ошибок 0, время 1.47/1.59/1.49 сек
[2022.08.29 15:10:45,739] 33 сек из 100: передано 12, принято 11, нормально 11, ошибок 0, время 1.47/1.59/1.49 сек
[2022.08.29 15:10:46,741] 34 сек из 100: передано 12, принято 11, нормально 11, ошибок 0, время 1.47/1.59/1.49 сек
[2022.08.29 15:10:47,733] 35 сек из 100: передано 12, принято 12, нормально 12, ошибок 0, время 1.60/1.60/1.50 сек
[2022.08.29 15:10:48,734] 36 сек из 100: передано 13, принято 12, нормально 12, ошибок 0, время 1.60/1.60/1.50 сек
[2022.08.29 15:10:49,736] 37 сек из 100: передано 13, принято 12, нормально 12, ошибок 0, время 1.60/1.60/1.50 сек
[2022.08.29 15:10:50,735] 38 сек из 100: передано 13, принято 13, нормально 13, ошибок 0, время 1.49/1.60/1.50 сек
[2022.08.29 15:10:51,738] 39 сек из 100: передано 14, принято 13, нормально 13, ошибок 0, время 1.49/1.60/1.50 сек
[2022.08.29 15:10:52,739] 40 сек из 100: передано 14, принято 13, нормально 13, ошибок 0, время 1.49/1.60/1.50 сек
[2022.08.29 15:10:53,730] 41 сек из 100: передано 14, принято 14, нормально 14, ошибок 0, время 1.59/1.60/1.51 сек
[2022.08.29 15:10:54,742] 42 сек из 100: передано 15, принято 14, нормально 14, ошибок 0, время 1.59/1.60/1.51 сек
[2022.08.29 15:10:55,729] 43 сек из 100: передано 15, принято 14, нормально 14, ошибок 0, время 1.59/1.60/1.51 сек
[2022.08.29 15:10:56,734] 44 сек из 100: передано 15, принято 15, нормально 15, ошибок 0, время 1.48/1.60/1.50 сек
[2022.08.29 15:10:57,732] 45 сек из 100: передано 16, принято 15, нормально 15, ошибок 0, время 1.48/1.60/1.50 сек
[2022.08.29 15:10:58,732] 46 сек из 100: передано 16, принято 15, нормально 15, ошибок 0, время 1.48/1.60/1.50 сек
[2022.08.29 15:10:59,730] 47 сек из 100: передано 16, принято 16, нормально 16, ошибок 0, время 1.60/1.60/1.51 сек
[2022.08.29 15:11:00,736] 48 сек из 100: передано 17, принято 16, нормально 16, ошибок 0, время 1.60/1.60/1.51 сек
[2022.08.29 15:11:01,738] 49 сек из 100: передано 17, принято 16, нормально 16, ошибок 0, время 1.60/1.60/1.51 сек
[2022.08.29 15:11:02,730] 50 сек из 100: передано 17, принято 17, нормально 17, ошибок 0, время 1.48/1.60/1.51 сек
[2022.08.29 15:11:03,740] 51 сек из 100: передано 18, принято 17, нормально 17, ошибок 0, время 1.48/1.60/1.51 сек
[2022.08.29 15:11:04,742] 52 сек из 100: передано 18, принято 17, нормально 17, ошибок 0, время 1.48/1.60/1.51 сек
[2022.08.29 15:11:05,748] 53 сек из 100: передано 18, принято 18, нормально 18, ошибок 0, время 1.59/1.60/1.51 сек
[2022.08.29 15:11:06,752] 54 сек из 100: передано 19, принято 18, нормально 18, ошибок 0, время 1.59/1.60/1.51 сек
[2022.08.29 15:11:07,756] 55 сек из 100: передано 19, принято 18, нормально 18, ошибок 0, время 1.59/1.60/1.51 сек
[2022.08.29 15:11:08,749] 56 сек из 100: передано 19, принято 19, нормально 19, ошибок 0, время 1.48/1.60/1.51 сек
[2022.08.29 15:11:09,751] 57 сек из 100: передано 20, принято 19, нормально 19, ошибок 0, время 1.48/1.60/1.51 сек
[2022.08.29 15:11:10,771] 58 сек из 100: передано 20, принято 19, нормально 19, ошибок 0, время 1.48/1.60/1.51 сек
[2022.08.29 15:11:11,764] 59 сек из 100: передано 20, принято 20, нормально 20, ошибок 0, время 1.61/1.61/1.52 сек
[2022.08.29 15:11:12,786] 60 сек из 100: передано 21, принято 20, нормально 20, ошибок 0, время 1.61/1.61/1.52 сек
[2022.08.29 15:11:13,788] 61 сек из 100: передано 21, принято 20, нормально 20, ошибок 0, время 1.61/1.61/1.52 сек
[2022.08.29 15:11:14,789] 62 сек из 100: передано 21, принято 21, нормально 21, ошибок 0, время 1.47/1.61/1.51 сек
[2022.08.29 15:11:15,775] 63 сек из 100: передано 22, принято 21, нормально 21, ошибок 0, время 1.47/1.61/1.51 сек
[2022.08.29 15:11:16,777] 64 сек из 100: передано 22, принято 21, нормально 21, ошибок 0, время 1.47/1.61/1.51 сек
[2022.08.29 15:11:17,778] 65 сек из 100: передано 22, принято 22, нормально 22, ошибок 0, время 1.36/1.61/1.51 сек
[2022.08.29 15:11:18,790] 66 сек из 100: передано 23, принято 22, нормально 22, ошибок 0, время 1.36/1.61/1.51 сек
[2022.08.29 15:11:19,813] 67 сек из 100: передано 23, принято 22, нормально 22, ошибок 0, время 1.36/1.61/1.51 сек
[2022.08.29 15:11:20,832] 68 сек из 100: передано 23, принято 23, нормально 23, ошибок 0, время 1.48/1.61/1.51 сек
[2022.08.29 15:11:21,832] 69 сек из 100: передано 24, принято 23, нормально 23, ошибок 0, время 1.48/1.61/1.51 сек
[2022.08.29 15:11:22,832] 70 сек из 100: передано 24, принято 23, нормально 23, ошибок 0, время 1.48/1.61/1.51 сек
[2022.08.29 15:11:23,830] 71 сек из 100: передано 24, принято 24, нормально 24, ошибок 0, время 1.61/1.61/1.51 сек
[2022.08.29 15:11:24,837] 72 сек из 100: передано 25, принято 24, нормально 24, ошибок 0, время 1.61/1.61/1.51 сек
[2022.08.29 15:11:25,841] 73 сек из 100: передано 25, принято 24, нормально 24, ошибок 0, время 1.61/1.61/1.51 сек
[2022.08.29 15:11:26,840] 74 сек из 100: передано 25, принято 25, нормально 25, ошибок 0, время 1.47/1.61/1.51 сек
[2022.08.29 15:11:27,861] 75 сек из 100: передано 26, принято 25, нормально 25, ошибок 0, время 1.47/1.61/1.51 сек
[2022.08.29 15:11:28,863] 76 сек из 100: передано 26, принято 25, нормально 25, ошибок 0, время 1.47/1.61/1.51 сек
[2022.08.29 15:11:29,860] 77 сек из 100: передано 26, принято 26, нормально 26, ошибок 0, время 1.60/1.61/1.51 сек
[2022.08.29 15:11:30,854] 78 сек из 100: передано 27, принято 26, нормально 26, ошибок 0, время 1.60/1.61/1.51 сек
[2022.08.29 15:11:31,868] 79 сек из 100: передано 27, принято 26, нормально 26, ошибок 0, время 1.60/1.61/1.51 сек
[2022.08.29 15:11:32,856] 80 сек из 100: передано 27, принято 27, нормально 27, ошибок 0, время 1.48/1.61/1.51 сек
[2022.08.29 15:11:33,859] 81 сек из 100: передано 28, принято 27, нормально 27, ошибок 0, время 1.48/1.61/1.51 сек
[2022.08.29 15:11:34,866] 82 сек из 100: передано 28, принято 27, нормально 27, ошибок 0, время 1.48/1.61/1.51 сек
[2022.08.29 15:11:35,855] 83 сек из 100: передано 28, принято 28, нормально 28, ошибок 0, время 1.60/1.61/1.51 сек
[2022.08.29 15:11:36,861] 84 сек из 100: передано 29, принято 28, нормально 28, ошибок 0, время 1.60/1.61/1.51 сек
[2022.08.29 15:11:37,865] 85 сек из 100: передано 29, принято 28, нормально 28, ошибок 0, время 1.60/1.61/1.51 сек
[2022.08.29 15:11:38,854] 86 сек из 100: передано 29, принято 29, нормально 29, ошибок 0, время 1.48/1.61/1.51 сек
[2022.08.29 15:11:39,859] 87 сек из 100: передано 30, принято 29, нормально 29, ошибок 0, время 1.48/1.61/1.51 сек
[2022.08.29 15:11:40,857] 88 сек из 100: передано 30, принято 29, нормально 29, ошибок 0, время 1.48/1.61/1.51 сек
[2022.08.29 15:11:41,864] 89 сек из 100: передано 30, принято 30, нормально 30, ошибок 0, время 1.60/1.61/1.52 сек
[2022.08.29 15:11:42,863] 90 сек из 100: передано 31, принято 30, нормально 30, ошибок 0, время 1.60/1.61/1.52 сек
[2022.08.29 15:11:43,867] 91 сек из 100: передано 31, принято 30, нормально 30, ошибок 0, время 1.60/1.61/1.52 сек
[2022.08.29 15:11:44,866] 92 сек из 100: передано 31, принято 31, нормально 31, ошибок 0, время 1.47/1.61/1.51 сек
[2022.08.29 15:11:45,867] 93 сек из 100: передано 32, принято 31, нормально 31, ошибок 0, время 1.47/1.61/1.51 сек
[2022.08.29 15:11:46,866] 94 сек из 100: передано 32, принято 31, нормально 31, ошибок 0, время 1.47/1.61/1.51 сек
[2022.08.29 15:11:47,856] 95 сек из 100: передано 32, принято 32, нормально 32, ошибок 0, время 1.59/1.61/1.52 сек
[2022.08.29 15:11:48,859] 96 сек из 100: передано 33, принято 32, нормально 32, ошибок 0, время 1.59/1.61/1.52 сек
[2022.08.29 15:11:49,860] 97 сек из 100: передано 33, принято 32, нормально 32, ошибок 0, время 1.59/1.61/1.52 сек
[2022.08.29 15:11:50,862] 98 сек из 100: передано 33, принято 33, нормально 33, ошибок 0, время 1.49/1.61/1.52 сек
[2022.08.29 15:11:51,864] 99 сек из 100: передано 34, принято 33, нормально 33, ошибок 0, время 1.49/1.61/1.52 сек
[2022.08.29 15:11:55,700] Статистика: 
** Канальный уровень **
	Передано: 2448 байт
	Принято: 2448 байт
** Протокольный уровень **
	Передано: 34 пакетов
	Принято всего: 34 пакетов
	Всего ошибок : 0
	Ошибок CRC : 0
	Ошибок FSN : 0
	Отброшено : 2 байт
** Уровень приложения **
	Передано: 34 пакетов
	Принято всего: 34 пакетов
		Без ошибок : 34
		Всего ошибок : 0
		Ошибок CRC : 0
		Ошибок FSN : 0
[2022.08.29 15:11:55,700] ------------ Тест 'Тест обмена БЛОК/КЛУБ - УСО' завершен -------------
[2022.08.29 15:11:55,700] ------------- Тестирование завершено ------------------
