[2022.08.29 15:08:30,219] read(9):FF FE A0 6C 03 00 C0 01 01 
[2022.08.29 15:08:30,882] read(104):FF FE 7E 97 82 00 C1 02 99 F4 D1 61 01 00 00 00 00 00 00 00 00 00 00 00 00 00 00 00 00 00 00 00 00 00 00 00 00 00 00 00 00 00 00 00 00 00 00 00 00 00 00 00 00 00 00 00 00 00 00 00 00 00 00 00 00 00 00 00 00 00 00 00 00 00 00 00 00 00 00 00 00 00 00 00 00 00 00 00 00 00 00 00 00 00 00 00 00 00 00 00 00 00 00 00 
[2022.08.29 15:08:30,913] read(32):00 00 00 00 00 00 00 00 00 00 00 00 00 00 00 00 00 00 00 00 00 00 00 00 00 00 00 00 00 00 00 00 
[2022.08.29 15:08:33,882] read(104):FF FE BA DD 82 00 C2 02 26 FB DA FD 02 00 00 00 00 00 00 00 00 00 00 00 00 00 00 00 00 00 00 00 00 00 00 00 00 00 00 00 00 00 00 00 00 00 00 00 00 00 00 00 00 00 00 00 00 00 00 00 00 00 00 00 00 00 00 00 00 00 00 00 00 00 00 00 00 00 00 00 00 00 00 00 00 00 00 00 00 00 00 00 00 00 00 00 00 00 00 00 00 00 00 00 
[2022.08.29 15:08:33,914] read(32):00 00 00 00 00 00 00 00 00 00 00 00 00 00 00 00 00 00 00 00 00 00 00 00 00 00 00 00 00 00 00 00 
[2022.08.29 15:08:34,212] read(9):FF FE 50 6C 03 00 C3 01 01 
[2022.08.29 15:08:36,877] read(104):FF FE 06 4B 82 00 C4 02 B3 01 DC 89 03 00 00 00 00 00 00 00 00 00 00 00 00 00 00 00 00 00 00 00 00 00 00 00 00 00 00 00 00 00 00 00 00 00 00 00 00 00 00 00 00 00 00 00 00 00 00 00 00 00 00 00 00 00 00 00 00 00 00 00 00 00 00 00 00 00 00 00 00 00 00 00 00 00 00 00 00 00 00 00 00 00 00 00 00 00 00 00 00 00 00 00 
[2022.08.29 15:08:36,908] read(32):00 00 00 00 00 00 00 00 00 00 00 00 00 00 00 00 00 00 00 00 00 00 00 00 00 00 00 00 00 00 00 00 
[2022.08.29 15:08:38,225] read(9):FF FE B0 6D 03 00 C5 01 01 
[2022.08.29 15:08:39,879] read(104):FF FE 21 02 82 00 C6 02 19 E2 BD 1E 04 00 00 00 00 00 00 00 00 00 00 00 00 00 00 00 00 00 00 00 00 00 00 00 00 00 00 00 00 00 00 00 00 00 00 00 00 00 00 00 00 00 00 00 00 00 00 00 00 00 00 00 00 00 00 00 00 00 00 00 00 00 00 00 00 00 00 00 00 00 00 00 00 00 00 00 00 00 00 00 00 00 00 00 00 00 00 00 00 00 00 00 
[2022.08.29 15:08:39,910] read(32):00 00 00 00 00 00 00 00 00 00 00 00 00 00 00 00 00 00 00 00 00 00 00 00 00 00 00 00 00 00 00 00 
[2022.08.29 15:08:42,212] read(9):FF FE 11 AD 03 00 C7 01 01 
[2022.08.29 15:08:42,943] read(104):FF FE 9F DC 82 00 C8 02 8C 18 BB 6A 05 00 00 00 00 00 00 00 00 00 00 00 00 00 00 00 00 00 00 00 00 00 00 00 00 00 00 00 00 00 00 00 00 00 00 00 00 00 00 00 00 00 00 00 00 00 00 00 00 00 00 00 00 00 00 00 00 00 00 00 00 00 00 00 00 00 00 00 00 00 00 00 00 00 00 00 00 00 00 00 00 00 00 00 00 00 00 00 00 00 00 00 
[2022.08.29 15:08:42,974] read(32):00 00 00 00 00 00 00 00 00 00 00 00 00 00 00 00 00 00 00 00 00 00 00 00 00 00 00 00 00 00 00 00 
[2022.08.29 15:08:45,882] read(104):FF FE 5A 24 82 00 C9 02 33 17 B0 F6 06 00 00 00 00 00 00 00 00 00 00 00 00 00 00 00 00 00 00 00 00 00 00 00 00 00 00 00 00 00 00 00 00 00 00 00 00 00 00 00 00 00 00 00 00 00 00 00 00 00 00 00 00 00 00 00 00 00 00 00 00 00 00 00 00 00 00 00 00 00 00 00 00 00 00 00 00 00 00 00 00 00 00 00 00 00 00 00 00 00 00 00 
[2022.08.29 15:08:45,914] read(32):00 00 00 00 00 00 00 00 00 00 00 00 00 00 00 00 00 00 00 00 00 00 00 00 00 00 00 00 00 00 00 00 
[2022.08.29 15:08:46,221] read(9):FF FE 80 6E 03 00 CA 01 01 
[2022.08.29 15:08:48,935] read(104):FF FE E7 96 82 00 CB 02 A6 ED B6 82 07 00 00 00 00 00 00 00 00 00 00 00 00 00 00 00 00 00 00 00 00 00 00 00 00 00 00 00 00 00 00 00 00 00 00 00 00 00 00 00 00 00 00 00 00 00 00 00 00 00 00 00 00 00 00 00 00 00 00 00 00 00 00 00 00 00 00 00 00 00 00 00 00 00 00 00 00 00 00 00 00 00 00 00 00 00 00 00 00 00 00 00 
[2022.08.29 15:08:48,966] read(32):00 00 00 00 00 00 00 00 00 00 00 00 00 00 00 00 00 00 00 00 00 00 00 00 00 00 00 00 00 00 00 00 
[2022.08.29 15:08:50,214] read(9):FF FE 60 6F 03 00 CC 01 01 
[2022.08.29 15:08:51,878] read(104):FF FE 06 4E 82 00 CD 02 26 D6 02 03 08 00 00 00 00 00 00 00 00 00 00 00 00 00 00 00 00 00 00 00 00 00 00 00 00 00 00 00 00 00 00 00 00 00 00 00 00 00 00 00 00 00 00 00 00 00 00 00 00 00 00 00 00 00 00 00 00 00 00 00 00 00 00 00 00 00 00 00 00 00 00 00 00 00 00 00 00 00 00 00 00 00 00 00 00 00 00 00 00 00 00 00 
[2022.08.29 15:08:51,909] read(32):00 00 00 00 00 00 00 00 00 00 00 00 00 00 00 00 00 00 00 00 00 00 00 00 00 00 00 00 00 00 00 00 
[2022.08.29 15:08:54,222] read(9):FF FE C1 AF 03 00 CE 01 01 
[2022.08.29 15:08:54,929] read(104):FF FE BB FC 82 00 CF 02 B3 2C 04 77 09 00 00 00 00 00 00 00 00 00 00 00 00 00 00 00 00 00 00 00 00 00 00 00 00 00 00 00 00 00 00 00 00 00 00 00 00 00 00 00 00 00 00 00 00 00 00 00 00 00 00 00 00 00 00 00 00 00 00 00 00 00 00 00 00 00 00 00 00 00 00 00 00 00 00 00 00 00 00 00 00 00 00 00 00 00 00 00 00 00 00 00 
[2022.08.29 15:08:54,976] read(32):00 00 00 00 00 00 00 00 00 00 00 00 00 00 00 00 00 00 00 00 00 00 00 00 00 00 00 00 00 00 00 00 
[2022.08.29 15:08:57,872] read(104):FF FE 78 4A 82 00 D0 02 0C 23 0F EB 0A 00 00 00 00 00 00 00 00 00 00 00 00 00 00 00 00 00 00 00 00 00 00 00 00 00 00 00 00 00 00 00 00 00 00 00 00 00 00 00 00 00 00 00 00 00 00 00 00 00 00 00 00 00 00 00 00 00 00 00 00 00 00 00 00 00 00 00 00 00 00 00 00 00 00 00 00 00 00 00 00 00 00 00 00 00 00 00 00 00 00 00 
[2022.08.29 15:08:57,919] read(32):00 00 00 00 00 00 00 00 00 00 00 00 00 00 00 00 00 00 00 00 00 00 00 00 00 00 00 00 00 00 00 00 
[2022.08.29 15:08:58,215] read(9):FF FE F0 69 03 00 D1 01 01 
[2022.08.29 15:09:00,938] read(104):FF FE C5 F8 82 00 D2 02 99 D9 09 9F 0B 00 00 00 00 00 00 00 00 00 00 00 00 00 00 00 00 00 00 00 00 00 00 00 00 00 00 00 00 00 00 00 00 00 00 00 00 00 00 00 00 00 00 00 00 00 00 00 00 00 00 00 00 00 00 00 00 00 00 00 00 00 00 00 00 00 00 00 00 00 00 00 00 00 00 00 00 00 00 00 00 00 00 00 00 00 00 00 00 00 00 00 
[2022.08.29 15:09:00,969] read(32):00 00 00 00 00 00 00 00 00 00 00 00 00 00 00 00 00 00 00 00 00 00 00 00 00 00 00 00 00 00 00 00 
[2022.08.29 15:09:02,220] read(9):FF FE 51 A9 03 00 D3 01 01 
[2022.08.29 15:09:03,877] read(104):FF FE E3 95 82 00 D4 02 33 3A 68 08 0C 00 00 00 00 00 00 00 00 00 00 00 00 00 00 00 00 00 00 00 00 00 00 00 00 00 00 00 00 00 00 00 00 00 00 00 00 00 00 00 00 00 00 00 00 00 00 00 00 00 00 00 00 00 00 00 00 00 00 00 00 00 00 00 00 00 00 00 00 00 00 00 00 00 00 00 00 00 00 00 00 00 00 00 00 00 00 00 00 00 00 00 
[2022.08.29 15:09:03,908] read(32):00 00 00 00 00 00 00 00 00 00 00 00 00 00 00 00 00 00 00 00 00 00 00 00 00 00 00 00 00 00 00 00 
[2022.08.29 15:09:06,227] read(9):FF FE B1 A8 03 00 D5 01 01 
[2022.08.29 15:09:06,935] read(104):FF FE 5E 27 82 00 D6 02 A6 C0 6E 7C 0D 00 00 00 00 00 00 00 00 00 00 00 00 00 00 00 00 00 00 00 00 00 00 00 00 00 00 00 00 00 00 00 00 00 00 00 00 00 00 00 00 00 00 00 00 00 00 00 00 00 00 00 00 00 00 00 00 00 00 00 00 00 00 00 00 00 00 00 00 00 00 00 00 00 00 00 00 00 00 00 00 00 00 00 00 00 00 00 00 00 00 00 
[2022.08.29 15:09:06,966] read(32):00 00 00 00 00 00 00 00 00 00 00 00 00 00 00 00 00 00 00 00 00 00 00 00 00 00 00 00 00 00 00 00 
[2022.08.29 15:09:09,907] read(104):FF FE 9B DF 82 00 D7 02 19 CF 65 E0 0E 00 00 00 00 00 00 00 00 00 00 00 00 00 00 00 00 00 00 00 00 00 00 00 00 00 00 00 00 00 00 00 00 00 00 00 00 00 00 00 00 00 00 00 00 00 00 00 00 00 00 00 00 00 00 00 00 00 00 00 00 00 00 00 00 00 00 00 00 00 00 00 00 00 00 00 00 00 00 00 00 00 00 00 00 00 00 00 00 00 00 00 
[2022.08.29 15:09:09,938] read(32):00 00 00 00 00 00 00 00 00 00 00 00 00 00 00 00 00 00 00 00 00 00 00 00 00 00 00 00 00 00 00 00 
[2022.08.29 15:09:10,227] read(9):FF FE 20 6B 03 00 D8 01 01 
[2022.08.29 15:09:12,992] read(104):FF FE 25 01 82 00 D9 02 8C 35 63 94 0F 00 00 00 00 00 00 00 00 00 00 00 00 00 00 00 00 00 00 00 00 00 00 00 00 00 00 00 00 00 00 00 00 00 00 00 00 00 00 00 00 00 00 00 00 00 00 00 00 00 00 00 00 00 00 00 00 00 00 00 00 00 00 00 00 00 00 00 00 00 00 00 00 00 00 00 00 00 00 00 00 00 00 00 00 00 00 00 00 00 00 00 
[2022.08.29 15:09:13,039] read(32):00 00 00 00 00 00 00 00 00 00 00 00 00 00 00 00 00 00 00 00 00 00 00 00 00 00 00 00 00 00 00 00 
[2022.08.29 15:09:14,224] read(9):FF FE 81 AB 03 00 DA 01 01 
[2022.08.29 15:09:16,002] read(104):FF FE 48 D6 82 00 DB 02 58 BE 7C 38 10 00 00 00 00 00 00 00 00 00 00 00 00 00 00 00 00 00 00 00 00 00 00 00 00 00 00 00 00 00 00 00 00 00 00 00 00 00 00 00 00 00 00 00 00 00 00 00 00 00 00 00 00 00 00 00 00 00 00 00 00 00 00 00 00 00 00 00 00 00 00 00 00 00 00 00 00 00 00 00 00 00 00 00 00 00 00 00 00 00 00 00 
[2022.08.29 15:09:16,033] read(32):00 00 00 00 00 00 00 00 00 00 00 00 00 00 00 00 00 00 00 00 00 00 00 00 00 00 00 00 00 00 00 00 
[2022.08.29 15:09:18,217] read(9):FF FE 61 AA 03 00 DC 01 01 
[2022.08.29 15:09:18,999] read(104):FF FE F4 40 82 00 DD 02 CD 44 7A 4C 11 00 00 00 00 00 00 00 00 00 00 00 00 00 00 00 00 00 00 00 00 00 00 00 00 00 00 00 00 00 00 00 00 00 00 00 00 00 00 00 00 00 00 00 00 00 00 00 00 00 00 00 00 00 00 00 00 00 00 00 00 00 00 00 00 00 00 00 00 00 00 00 00 00 00 00 00 00 00 00 00 00 00 00 00 00 00 00 00 00 00 00 
[2022.08.29 15:09:19,031] read(32):00 00 00 00 00 00 00 00 00 00 00 00 00 00 00 00 00 00 00 00 00 00 00 00 00 00 00 00 00 00 00 00 
[2022.08.29 15:09:21,989] read(104):FF FE 30 0A 82 00 DE 02 72 4B 71 D0 12 00 00 00 00 00 00 00 00 00 00 00 00 00 00 00 00 00 00 00 00 00 00 00 00 00 00 00 00 00 00 00 00 00 00 00 00 00 00 00 00 00 00 00 00 00 00 00 00 00 00 00 00 00 00 00 00 00 00 00 00 00 00 00 00 00 00 00 00 00 00 00 00 00 00 00 00 00 00 00 00 00 00 00 00 00 00 00 00 00 00 00 
[2022.08.29 15:09:22,035] read(32):00 00 00 00 00 00 00 00 00 00 00 00 00 00 00 00 00 00 00 00 00 00 00 00 00 00 00 00 00 00 00 00 
[2022.08.29 15:09:22,223] read(9):FF FE 91 AA 03 00 DF 01 01 
[2022.08.29 15:09:24,994] read(104):FF FE 81 24 82 00 E0 02 E7 B1 77 A4 13 00 00 00 00 00 00 00 00 00 00 00 00 00 00 00 00 00 00 00 00 00 00 00 00 00 00 00 00 00 00 00 00 00 00 00 00 00 00 00 00 00 00 00 00 00 00 00 00 00 00 00 00 00 00 00 00 00 00 00 00 00 00 00 00 00 00 00 00 00 00 00 00 00 00 00 00 00 00 00 00 00 00 00 00 00 00 00 00 00 00 00 
[2022.08.29 15:09:25,035] read(32):00 00 00 00 00 00 00 00 00 00 00 00 00 00 00 00 00 00 00 00 00 00 00 00 00 00 00 00 00 00 00 00 
[2022.08.29 15:09:26,228] read(9):FF FE F0 66 03 00 E1 01 01 
[2022.08.29 15:09:27,998] read(104):FF FE A6 6D 82 00 E2 02 4D 52 16 33 14 00 00 00 00 00 00 00 00 00 00 00 00 00 00 00 00 00 00 00 00 00 00 00 00 00 00 00 00 00 00 00 00 00 00 00 00 00 00 00 00 00 00 00 00 00 00 00 00 00 00 00 00 00 00 00 00 00 00 00 00 00 00 00 00 00 00 00 00 00 00 00 00 00 00 00 00 00 00 00 00 00 00 00 00 00 00 00 00 00 00 00 
[2022.08.29 15:09:28,029] read(32):00 00 00 00 00 00 00 00 00 00 00 00 00 00 00 00 00 00 00 00 00 00 00 00 00 00 00 00 00 00 00 00 
[2022.08.29 15:09:30,215] read(9):FF FE 51 A6 03 00 E3 01 01 
[2022.08.29 15:09:31,002] read(104):FF FE 1A FB 82 00 E4 02 D8 A8 10 47 15 00 00 00 00 00 00 00 00 00 00 00 00 00 00 00 00 00 00 00 00 00 00 00 00 00 00 00 00 00 00 00 00 00 00 00 00 00 00 00 00 00 00 00 00 00 00 00 00 00 00 00 00 00 00 00 00 00 00 00 00 00 00 00 00 00 00 00 00 00 00 00 00 00 00 00 00 00 00 00 00 00 00 00 00 00 00 00 00 00 00 00 
[2022.08.29 15:09:31,034] read(32):00 00 00 00 00 00 00 00 00 00 00 00 00 00 00 00 00 00 00 00 00 00 00 00 00 00 00 00 00 00 00 00 
[2022.08.29 15:09:34,052] read(104):FF FE DF 03 82 00 E5 02 67 A7 1B DB 16 00 00 00 00 00 00 00 00 00 00 00 00 00 00 00 00 00 00 00 00 00 00 00 00 00 00 00 00 00 00 00 00 00 00 00 00 00 00 00 00 00 00 00 00 00 00 00 00 00 00 00 00 00 00 00 00 00 00 00 00 00 00 00 00 00 00 00 00 00 00 00 00 00 00 00 00 00 00 00 00 00 00 00 00 00 00 00 00 00 00 00 
[2022.08.29 15:09:34,099] read(32):00 00 00 00 00 00 00 00 00 00 00 00 00 00 00 00 00 00 00 00 00 00 00 00 00 00 00 00 00 00 00 00 
[2022.08.29 15:09:34,224] read(9):FF FE 41 A7 03 00 E6 01 01 
[2022.08.29 15:09:36,995] read(104):FF FE 62 B1 82 00 E7 02 F2 5D 1D AF 17 00 00 00 00 00 00 00 00 00 00 00 00 00 00 00 00 00 00 00 00 00 00 00 00 00 00 00 00 00 00 00 00 00 00 00 00 00 00 00 00 00 00 00 00 00 00 00 00 00 00 00 00 00 00 00 00 00 00 00 00 00 00 00 00 00 00 00 00 00 00 00 00 00 00 00 00 00 00 00 00 00 00 00 00 00 00 00 00 00 00 00 
[2022.08.29 15:09:37,027] read(32):00 00 00 00 00 00 00 00 00 00 00 00 00 00 00 00 00 00 00 00 00 00 00 00 00 00 00 00 00 00 00 00 
[2022.08.29 15:09:38,218] read(9):FF FE 20 64 03 00 E8 01 01 
[2022.08.29 15:09:40,049] read(104):FF FE 81 21 82 00 E9 02 72 66 A9 2E 18 00 00 00 00 00 00 00 00 00 00 00 00 00 00 00 00 00 00 00 00 00 00 00 00 00 00 00 00 00 00 00 00 00 00 00 00 00 00 00 00 00 00 00 00 00 00 00 00 00 00 00 00 00 00 00 00 00 00 00 00 00 00 00 00 00 00 00 00 00 00 00 00 00 00 00 00 00 00 00 00 00 00 00 00 00 00 00 00 00 00 00 
[2022.08.29 15:09:40,096] read(32):00 00 00 00 00 00 00 00 00 00 00 00 00 00 00 00 00 00 00 00 00 00 00 00 00 00 00 00 00 00 00 00 
[2022.08.29 15:09:42,216] read(9):FF FE 81 A4 03 00 EA 01 01 
[2022.08.29 15:09:42,993] read(104):FF FE 3C 93 82 00 EB 02 E7 9C AF 5A 19 00 00 00 00 00 00 00 00 00 00 00 00 00 00 00 00 00 00 00 00 00 00 00 00 00 00 00 00 00 00 00 00 00 00 00 00 00 00 00 00 00 00 00 00 00 00 00 00 00 00 00 00 00 00 00 00 00 00 00 00 00 00 00 00 00 00 00 00 00 00 00 00 00 00 00 00 00 00 00 00 00 00 00 00 00 00 00 00 00 00 00 
[2022.08.29 15:09:43,040] read(32):00 00 00 00 00 00 00 00 00 00 00 00 00 00 00 00 00 00 00 00 00 00 00 00 00 00 00 00 00 00 00 00 
[2022.08.29 15:09:46,060] read(104):FF FE F9 FD 82 00 EC 02 58 93 A4 C6 1A 00 00 00 00 00 00 00 00 00 00 00 00 00 00 00 00 00 00 00 00 00 00 00 00 00 00 00 00 00 00 00 00 00 00 00 00 00 00 00 00 00 00 00 00 00 00 00 00 00 00 00 00 00 00 00 00 00 00 00 00 00 00 00 00 00 00 00 00 00 00 00 00 00 00 00 00 00 00 00 00 00 00 00 00 00 00 00 00 00 00 00 
[2022.08.29 15:09:46,102] read(32):00 00 00 00 00 00 00 00 00 00 00 00 00 00 00 00 00 00 00 00 00 00 00 00 00 00 00 00 00 00 00 00 
[2022.08.29 15:09:46,228] read(9):FF FE 30 65 03 00 ED 01 01 
[2022.08.29 15:09:49,198] read(104):FF FE 44 4F 82 00 EE 02 CD 69 A2 B2 1B 00 00 00 00 00 00 00 00 00 00 00 00 00 00 00 00 00 00 00 00 00 00 00 00 00 00 00 00 00 00 00 00 00 00 00 00 00 00 00 00 00 00 00 00 00 00 00 00 00 00 00 00 00 00 00 00 00 00 00 00 00 00 00 00 00 00 00 00 00 00 00 00 00 00 00 00 00 00 00 00 00 00 00 00 00 00 00 00 00 00 00 
[2022.08.29 15:09:49,244] read(32):00 00 00 00 00 00 00 00 00 00 00 00 00 00 00 00 00 00 00 00 00 00 00 00 00 00 00 00 00 00 00 00 
[2022.08.29 15:09:50,229] read(9):FF FE 91 A5 03 00 EF 01 01 
[2022.08.29 15:09:52,117] read(104):FF FE 64 FA 82 00 F0 02 67 8A C3 25 1C 00 00 00 00 00 00 00 00 00 00 00 00 00 00 00 00 00 00 00 00 00 00 00 00 00 00 00 00 00 00 00 00 00 00 00 00 00 00 00 00 00 00 00 00 00 00 00 00 00 00 00 00 00 00 00 00 00 00 00 00 00 00 00 00 00 00 00 00 00 00 00 00 00 00 00 00 00 00 00 00 00 00 00 00 00 00 00 00 00 00 00 
[2022.08.29 15:09:52,148] read(32):00 00 00 00 00 00 00 00 00 00 00 00 00 00 00 00 00 00 00 00 00 00 00 00 00 00 00 00 00 00 00 00 
[2022.08.29 15:09:54,228] read(9):FF FE F1 A3 03 00 F1 01 01 
[2022.08.29 15:09:55,000] read(104):FF FE D9 48 82 00 F2 02 F2 70 C5 51 1D 00 00 00 00 00 00 00 00 00 00 00 00 00 00 00 00 00 00 00 00 00 00 00 00 00 00 00 00 00 00 00 00 00 00 00 00 00 00 00 00 00 00 00 00 00 00 00 00 00 00 00 00 00 00 00 00 00 00 00 00 00 00 00 00 00 00 00 00 00 00 00 00 00 00 00 00 00 00 00 00 00 00 00 00 00 00 00 00 00 00 00 
[2022.08.29 15:09:55,032] read(32):00 00 00 00 00 00 00 00 00 00 00 00 00 00 00 00 00 00 00 00 00 00 00 00 00 00 00 00 00 00 00 00 
[2022.08.29 15:09:58,053] read(104):FF FE 1C B0 82 00 F3 02 4D 7F CE CD 1E 00 00 00 00 00 00 00 00 00 00 00 00 00 00 00 00 00 00 00 00 00 00 00 00 00 00 00 00 00 00 00 00 00 00 00 00 00 00 00 00 00 00 00 00 00 00 00 00 00 00 00 00 00 00 00 00 00 00 00 00 00 00 00 00 00 00 00 00 00 00 00 00 00 00 00 00 00 00 00 00 00 00 00 00 00 00 00 00 00 00 00 
[2022.08.29 15:09:58,100] read(32):00 00 00 00 00 00 00 00 00 00 00 00 00 00 00 00 00 00 00 00 00 00 00 00 00 00 00 00 00 00 00 00 
[2022.08.29 15:09:58,225] read(9):FF FE E1 A2 03 00 F4 01 01 
[2022.08.29 15:10:01,004] read(104):FF FE A0 26 82 00 F5 02 D8 85 C8 B9 1F 00 00 00 00 00 00 00 00 00 00 00 00 00 00 00 00 00 00 00 00 00 00 00 00 00 00 00 00 00 00 00 00 00 00 00 00 00 00 00 00 00 00 00 00 00 00 00 00 00 00 00 00 00 00 00 00 00 00 00 00 00 00 00 00 00 00 00 00 00 00 00 00 00 00 00 00 00 00 00 00 00 00 00 00 00 00 00 00 00 00 00 
[2022.08.29 15:10:01,035] read(32):00 00 00 00 00 00 00 00 00 00 00 00 00 00 00 00 00 00 00 00 00 00 00 00 00 00 00 00 00 00 00 00 
[2022.08.29 15:10:02,229] read(9):FF FE 40 62 03 00 F6 01 01 
[2022.08.29 15:10:04,057] read(104):FF FE D7 A6 82 00 F7 02 A4 6E 80 4E 20 00 00 00 00 00 00 00 00 00 00 00 00 00 00 00 00 00 00 00 00 00 00 00 00 00 00 00 00 00 00 00 00 00 00 00 00 00 00 00 00 00 00 00 00 00 00 00 00 00 00 00 00 00 00 00 00 00 00 00 00 00 00 00 00 00 00 00 00 00 00 00 00 00 00 00 00 00 00 00 00 00 00 00 00 00 00 00 00 00 00 00 
[2022.08.29 15:10:04,089] read(32):00 00 00 00 00 00 00 00 00 00 00 00 00 00 00 00 00 00 00 00 00 00 00 00 00 00 00 00 00 00 00 00 
[2022.08.29 15:10:06,226] read(9):FF FE 21 A1 03 00 F8 01 01 
[2022.08.29 15:10:07,119] read(104):FF FE 69 78 82 00 F9 02 31 94 86 3A 21 00 00 00 00 00 00 00 00 00 00 00 00 00 00 00 00 00 00 00 00 00 00 00 00 00 00 00 00 00 00 00 00 00 00 00 00 00 00 00 00 00 00 00 00 00 00 00 00 00 00 00 00 00 00 00 00 00 00 00 00 00 00 00 00 00 00 00 00 00 00 00 00 00 00 00 00 00 00 00 00 00 00 00 00 00 00 00 00 00 00 00 
[2022.08.29 15:10:07,150] read(32):00 00 00 00 00 00 00 00 00 00 00 00 00 00 00 00 00 00 00 00 00 00 00 00 00 00 00 00 00 00 00 00 
[2022.08.29 15:10:10,059] read(104):FF FE AD 32 82 00 FA 02 8E 9B 8D A6 22 00 00 00 00 00 00 00 00 00 00 00 00 00 00 00 00 00 00 00 00 00 00 00 00 00 00 00 00 00 00 00 00 00 00 00 00 00 00 00 00 00 00 00 00 00 00 00 00 00 00 00 00 00 00 00 00 00 00 00 00 00 00 00 00 00 00 00 00 00 00 00 00 00 00 00 00 00 00 00 00 00 00 00 00 00 00 00 00 00 00 00 
[2022.08.29 15:10:10,101] read(32):00 00 00 00 00 00 00 00 00 00 00 00 00 00 00 00 00 00 00 00 00 00 00 00 00 00 00 00 00 00 00 00 
[2022.08.29 15:10:10,226] read(9):FF FE D1 A1 03 00 FB 01 01 
[2022.08.29 15:10:12,677] write(72):FF FE 06 22 42 00 00 03 87 07 C1 CE 01 00 00 00 00 00 00 00 00 00 00 00 00 00 00 00 00 00 00 00 00 00 00 00 00 00 00 00 00 00 00 00 00 00 00 00 00 00 00 00 00 00 00 00 00 00 00 00 00 00 00 00 00 00 00 00 00 00 00 00 
[2022.08.29 15:10:14,181] read(8):FF FE 41 5F 02 00 FC 04 
[2022.08.29 15:10:14,228] read(9):FF FE 31 A0 03 00 FD 01 01 
[2022.08.29 15:10:15,666] write(72):FF FE 46 B3 42 00 01 03 57 92 C4 4A 02 00 00 00 00 00 00 00 00 00 00 00 00 00 00 00 00 00 00 00 00 00 00 00 00 00 00 00 00 00 00 00 00 00 00 00 00 00 00 00 00 00 00 00 00 00 00 00 00 00 00 00 00 00 00 00 00 00 00 00 
[2022.08.29 15:10:17,062] read(8):FF FE 40 3F 02 00 FE 04 
[2022.08.29 15:10:18,220] read(9):FF FE 90 60 03 00 FF 01 01 
[2022.08.29 15:10:18,686] write(72):FF FE 8D B0 42 00 02 03 D8 1C 17 80 03 00 00 00 00 00 00 00 00 00 00 00 00 00 00 00 00 00 00 00 00 00 00 00 00 00 00 00 00 00 00 00 00 00 00 00 00 00 00 00 00 00 00 00 00 00 00 00 00 00 00 00 00 00 00 00 00 00 00 00 
[2022.08.29 15:10:20,271] read(8):FF FE 00 5F 02 00 00 04 
[2022.08.29 15:10:21,687] write(72):FF FE 99 D5 42 00 03 03 B6 BF BE 99 04 00 00 00 00 00 00 00 00 00 00 00 00 00 00 00 00 00 00 00 00 00 00 00 00 00 00 00 00 00 00 00 00 00 00 00 00 00 00 00 00 00 00 00 00 00 00 00 00 00 00 00 00 00 00 00 00 00 00 00 
[2022.08.29 15:10:22,228] read(9):FF FE F1 90 03 00 01 01 01 
[2022.08.29 15:10:23,068] read(8):FF FE 01 3F 02 00 02 04 
[2022.08.29 15:10:24,711] write(72):FF FE 13 47 42 00 04 03 39 31 6D 53 05 00 00 00 00 00 00 00 00 00 00 00 00 00 00 00 00 00 00 00 00 00 00 00 00 00 00 00 00 00 00 00 00 00 00 00 00 00 00 00 00 00 00 00 00 00 00 00 00 00 00 00 00 00 00 00 00 00 00 00 
[2022.08.29 15:10:26,189] read(8):FF FE 00 AF 02 00 03 04 
[2022.08.29 15:10:26,220] read(9):FF FE E1 91 03 00 04 01 01 
[2022.08.29 15:10:27,715] write(72):FF FE 53 D6 42 00 05 03 E9 A4 68 D7 06 00 00 00 00 00 00 00 00 00 00 00 00 00 00 00 00 00 00 00 00 00 00 00 00 00 00 00 00 00 00 00 00 00 00 00 00 00 00 00 00 00 00 00 00 00 00 00 00 00 00 00 00 00 00 00 00 00 00 00 
[2022.08.29 15:10:29,065] read(8):FF FE 03 0F 02 00 05 04 
[2022.08.29 15:10:30,229] read(9):FF FE 40 51 03 00 06 01 01 
[2022.08.29 15:10:30,729] write(72):FF FE 98 D5 42 00 06 03 66 2A BB 1D 07 00 00 00 00 00 00 00 00 00 00 00 00 00 00 00 00 00 00 00 00 00 00 00 00 00 00 00 00 00 00 00 00 00 00 00 00 00 00 00 00 00 00 00 00 00 00 00 00 00 00 00 00 00 00 00 00 00 00 00 
[2022.08.29 15:10:32,185] read(8):FF FE 02 6F 02 00 07 04 
[2022.08.29 15:10:33,741] write(72):FF FE 7B 1C 42 00 07 03 35 E2 3B E4 08 00 00 00 00 00 00 00 00 00 00 00 00 00 00 00 00 00 00 00 00 00 00 00 00 00 00 00 00 00 00 00 00 00 00 00 00 00 00 00 00 00 00 00 00 00 00 00 00 00 00 00 00 00 00 00 00 00 00 00 
[2022.08.29 15:10:34,231] read(9):FF FE 21 92 03 00 08 01 01 
[2022.08.29 15:10:35,300] read(8):FF FE 06 0F 02 00 09 04 
[2022.08.29 15:10:36,730] write(72):FF FE 70 EC 42 00 08 03 BA 6C E8 2E 09 00 00 00 00 00 00 00 00 00 00 00 00 00 00 00 00 00 00 00 00 00 00 00 00 00 00 00 00 00 00 00 00 00 00 00 00 00 00 00 00 00 00 00 00 00 00 00 00 00 00 00 00 00 00 00 00 00 00 00 
[2022.08.29 15:10:38,182] read(8):FF FE 06 FF 02 00 0A 04 
[2022.08.29 15:10:38,229] read(9):FF FE D1 92 03 00 0B 01 01 
[2022.08.29 15:10:39,735] write(72):FF FE 30 7D 42 00 09 03 6A F9 ED AA 0A 00 00 00 00 00 00 00 00 00 00 00 00 00 00 00 00 00 00 00 00 00 00 00 00 00 00 00 00 00 00 00 00 00 00 00 00 00 00 00 00 00 00 00 00 00 00 00 00 00 00 00 00 00 00 00 00 00 00 00 
[2022.08.29 15:10:41,298] read(8):FF FE 05 5F 02 00 0C 04 
[2022.08.29 15:10:42,222] read(9):FF FE 31 93 03 00 0D 01 01 
[2022.08.29 15:10:42,739] write(72):FF FE FB 7E 42 00 0A 03 E5 77 3E 60 0B 00 00 00 00 00 00 00 00 00 00 00 00 00 00 00 00 00 00 00 00 00 00 00 00 00 00 00 00 00 00 00 00 00 00 00 00 00 00 00 00 00 00 00 00 00 00 00 00 00 00 00 00 00 00 00 00 00 00 00 
[2022.08.29 15:10:44,179] read(8):FF FE 04 3F 02 00 0E 04 
[2022.08.29 15:10:45,739] write(72):FF FE EF 1B 42 00 0B 03 8B D4 97 79 0C 00 00 00 00 00 00 00 00 00 00 00 00 00 00 00 00 00 00 00 00 00 00 00 00 00 00 00 00 00 00 00 00 00 00 00 00 00 00 00 00 00 00 00 00 00 00 00 00 00 00 00 00 00 00 00 00 00 00 00 
[2022.08.29 15:10:46,224] read(9):FF FE 90 53 03 00 0F 01 01 
[2022.08.29 15:10:47,309] read(8):FF FE 0D 9F 02 00 10 04 
[2022.08.29 15:10:48,734] write(72):FF FE 65 89 42 00 0C 03 04 5A 44 B3 0D 00 00 00 00 00 00 00 00 00 00 00 00 00 00 00 00 00 00 00 00 00 00 00 00 00 00 00 00 00 00 00 00 00 00 00 00 00 00 00 00 00 00 00 00 00 00 00 00 00 00 00 00 00 00 00 00 00 00 00 
[2022.08.29 15:10:50,175] read(8):FF FE 0C 0F 02 00 11 04 
[2022.08.29 15:10:50,222] read(9):FF FE 00 55 03 00 12 01 01 
[2022.08.29 15:10:51,738] write(72):FF FE 25 18 42 00 0D 03 D4 CF 41 37 0E 00 00 00 00 00 00 00 00 00 00 00 00 00 00 00 00 00 00 00 00 00 00 00 00 00 00 00 00 00 00 00 00 00 00 00 00 00 00 00 00 00 00 00 00 00 00 00 00 00 00 00 00 00 00 00 00 00 00 00 
[2022.08.29 15:10:53,301] read(8):FF FE 0D 6F 02 00 13 04 
[2022.08.29 15:10:54,231] read(9):FF FE E0 54 03 00 14 01 01 
[2022.08.29 15:10:54,742] write(72):FF FE EE 1B 42 00 0E 03 5B 41 92 FD 0F 00 00 00 00 00 00 00 00 00 00 00 00 00 00 00 00 00 00 00 00 00 00 00 00 00 00 00 00 00 00 00 00 00 00 00 00 00 00 00 00 00 00 00 00 00 00 00 00 00 00 00 00 00 00 00 00 00 00 00 
[2022.08.29 15:10:56,187] read(8):FF FE 0E CF 02 00 15 04 
[2022.08.29 15:10:57,732] write(72):FF FE BC CF 42 00 0F 03 33 59 31 1F 10 00 00 00 00 00 00 00 00 00 00 00 00 00 00 00 00 00 00 00 00 00 00 00 00 00 00 00 00 00 00 00 00 00 00 00 00 00 00 00 00 00 00 00 00 00 00 00 00 00 00 00 00 00 00 00 00 00 00 00 
[2022.08.29 15:10:58,223] read(9):FF FE 41 94 03 00 16 01 01 
[2022.08.29 15:10:59,304] read(8):FF FE 0F AF 02 00 17 04 
[2022.08.29 15:11:00,736] write(72):FF FE B5 FA 42 00 10 03 BC D7 E2 D5 11 00 00 00 00 00 00 00 00 00 00 00 00 00 00 00 00 00 00 00 00 00 00 00 00 00 00 00 00 00 00 00 00 00 00 00 00 00 00 00 00 00 00 00 00 00 00 00 00 00 00 00 00 00 00 00 00 00 00 00 
[2022.08.29 15:11:02,185] read(8):FF FE 0A 5F 02 00 18 04 
[2022.08.29 15:11:02,232] read(9):FF FE 71 97 03 00 19 01 01 
[2022.08.29 15:11:03,740] write(72):FF FE F5 6B 42 00 11 03 6C 42 E7 51 12 00 00 00 00 00 00 00 00 00 00 00 00 00 00 00 00 00 00 00 00 00 00 00 00 00 00 00 00 00 00 00 00 00 00 00 00 00 00 00 00 00 00 00 00 00 00 00 00 00 00 00 00 00 00 00 00 00 00 00 
[2022.08.29 15:11:05,300] read(8):FF FE 0B 3F 02 00 1A 04 
[2022.08.29 15:11:06,224] read(9):FF FE D0 57 03 00 1B 01 01 
[2022.08.29 15:11:06,729] write(72):FF FE 3E 68 42 00 12 03 E3 CC 34 9B 13 00 00 00 00 00 00 00 00 00 00 00 00 00 00 00 00 00 00 00 00 00 00 00 00 00 00 00 00 00 00 00 00 00 00 00 00 00 00 00 00 00 00 00 00 00 00 00 00 00 00 00 00 00 00 00 00 00 00 00 
[2022.08.29 15:11:08,180] read(8):FF FE 08 9F 02 00 1C 04 
[2022.08.29 15:11:09,735] write(72):FF FE 2A 0D 42 00 13 03 8D 6F 9D 82 14 00 00 00 00 00 00 00 00 00 00 00 00 00 00 00 00 00 00 00 00 00 00 00 00 00 00 00 00 00 00 00 00 00 00 00 00 00 00 00 00 00 00 00 00 00 00 00 00 00 00 00 00 00 00 00 00 00 00 00 
[2022.08.29 15:11:10,232] read(9):FF FE 30 56 03 00 1D 01 01 
[2022.08.29 15:11:11,313] read(8):FF FE 09 FF 02 00 1E 04 
[2022.08.29 15:11:12,739] write(72):FF FE A0 9F 42 00 14 03 02 E1 4E 48 15 00 00 00 00 00 00 00 00 00 00 00 00 00 00 00 00 00 00 00 00 00 00 00 00 00 00 00 00 00 00 00 00 00 00 00 00 00 00 00 00 00 00 00 00 00 00 00 00 00 00 00 00 00 00 00 00 00 00 00 
[2022.08.29 15:11:14,191] read(8):FF FE 08 6F 02 00 1F 04 
[2022.08.29 15:11:14,225] read(9):FF FE A1 9A 03 00 20 01 01 
[2022.08.29 15:11:15,729] write(72):FF FE E0 0E 42 00 15 03 D2 74 4B CC 16 00 00 00 00 00 00 00 00 00 00 00 00 00 00 00 00 00 00 00 00 00 00 00 00 00 00 00 00 00 00 00 00 00 00 00 00 00 00 00 00 00 00 00 00 00 00 00 00 00 00 00 00 00 00 00 00 00 00 00 
[2022.08.29 15:11:17,063] read(8):FF FE 18 0F 02 00 21 04 
[2022.08.29 15:11:18,233] read(9):FF FE 00 5A 03 00 22 01 01 
[2022.08.29 15:11:18,733] write(72):FF FE 2B 0D 42 00 16 03 5D FA 98 06 17 00 00 00 00 00 00 00 00 00 00 00 00 00 00 00 00 00 00 00 00 00 00 00 00 00 00 00 00 00 00 00 00 00 00 00 00 00 00 00 00 00 00 00 00 00 00 00 00 00 00 00 00 00 00 00 00 00 00 00 
[2022.08.29 15:11:20,184] read(8):FF FE 19 6F 02 00 23 04 
[2022.08.29 15:11:21,738] write(72):FF FE C8 C4 42 00 17 03 0E 32 18 FF 18 00 00 00 00 00 00 00 00 00 00 00 00 00 00 00 00 00 00 00 00 00 00 00 00 00 00 00 00 00 00 00 00 00 00 00 00 00 00 00 00 00 00 00 00 00 00 00 00 00 00 00 00 00 00 00 00 00 00 00 
[2022.08.29 15:11:22,226] read(9):FF FE E0 5B 03 00 24 01 01 
[2022.08.29 15:11:23,306] read(8):FF FE 1A CF 02 00 25 04 
[2022.08.29 15:11:24,743] write(72):FF FE C3 34 42 00 18 03 81 BC CB 35 19 00 00 00 00 00 00 00 00 00 00 00 00 00 00 00 00 00 00 00 00 00 00 00 00 00 00 00 00 00 00 00 00 00 00 00 00 00 00 00 00 00 00 00 00 00 00 00 00 00 00 00 00 00 00 00 00 00 00 00 
[2022.08.29 15:11:26,185] read(8):FF FE 1A 3F 02 00 26 04 
[2022.08.29 15:11:26,232] read(9):FF FE 10 5B 03 00 27 01 01 
[2022.08.29 15:11:27,736] write(72):FF FE 83 A5 42 00 19 03 51 29 CE B1 1A 00 00 00 00 00 00 00 00 00 00 00 00 00 00 00 00 00 00 00 00 00 00 00 00 00 00 00 00 00 00 00 00 00 00 00 00 00 00 00 00 00 00 00 00 00 00 00 00 00 00 00 00 00 00 00 00 00 00 00 
[2022.08.29 15:11:29,313] read(8):FF FE 1E 5F 02 00 28 04 
[2022.08.29 15:11:30,220] read(9):FF FE 71 98 03 00 29 01 01 
[2022.08.29 15:11:30,729] write(72):FF FE 48 A6 42 00 1A 03 DE A7 1D 7B 1B 00 00 00 00 00 00 00 00 00 00 00 00 00 00 00 00 00 00 00 00 00 00 00 00 00 00 00 00 00 00 00 00 00 00 00 00 00 00 00 00 00 00 00 00 00 00 00 00 00 00 00 00 00 00 00 00 00 00 00 
[2022.08.29 15:11:32,180] read(8):FF FE 1F 3F 02 00 2A 04 
[2022.08.29 15:11:33,734] write(72):FF FE 5C C3 42 00 1B 03 B0 04 B4 62 1C 00 00 00 00 00 00 00 00 00 00 00 00 00 00 00 00 00 00 00 00 00 00 00 00 00 00 00 00 00 00 00 00 00 00 00 00 00 00 00 00 00 00 00 00 00 00 00 00 00 00 00 00 00 00 00 00 00 00 00 
[2022.08.29 15:11:34,219] read(9):FF FE D0 58 03 00 2B 01 01 
[2022.08.29 15:11:35,299] read(8):FF FE 1C 9F 02 00 2C 04 
[2022.08.29 15:11:36,731] write(72):FF FE D6 51 42 00 1C 03 3F 8A 67 A8 1D 00 00 00 00 00 00 00 00 00 00 00 00 00 00 00 00 00 00 00 00 00 00 00 00 00 00 00 00 00 00 00 00 00 00 00 00 00 00 00 00 00 00 00 00 00 00 00 00 00 00 00 00 00 00 00 00 00 00 00 
[2022.08.29 15:11:38,178] read(8):FF FE 1D 0F 02 00 2D 04 
[2022.08.29 15:11:38,225] read(9):FF FE C0 59 03 00 2E 01 01 
[2022.08.29 15:11:39,734] write(72):FF FE 96 C0 42 00 1D 03 EF 1F 62 2C 1E 00 00 00 00 00 00 00 00 00 00 00 00 00 00 00 00 00 00 00 00 00 00 00 00 00 00 00 00 00 00 00 00 00 00 00 00 00 00 00 00 00 00 00 00 00 00 00 00 00 00 00 00 00 00 00 00 00 00 00 
[2022.08.29 15:11:41,301] read(8):FF FE 1C 6F 02 00 2F 04 
[2022.08.29 15:11:42,223] read(9):FF FE A0 5F 03 00 30 01 01 
[2022.08.29 15:11:42,738] write(72):FF FE 5D C3 42 00 1E 03 60 91 B1 E6 1F 00 00 00 00 00 00 00 00 00 00 00 00 00 00 00 00 00 00 00 00 00 00 00 00 00 00 00 00 00 00 00 00 00 00 00 00 00 00 00 00 00 00 00 00 00 00 00 00 00 00 00 00 00 00 00 00 00 00 00 
[2022.08.29 15:11:44,273] read(8):FF FE 15 CF 02 00 31 04 
[2022.08.29 15:11:45,741] write(72):FF FE 6D 2C 42 00 1F 03 7E 29 55 32 20 00 00 00 00 00 00 00 00 00 00 00 00 00 00 00 00 00 00 00 00 00 00 00 00 00 00 00 00 00 00 00 00 00 00 00 00 00 00 00 00 00 00 00 00 00 00 00 00 00 00 00 00 00 00 00 00 00 00 00 
[2022.08.29 15:11:46,227] read(9):FF FE 01 9F 03 00 32 01 01 
[2022.08.29 15:11:47,303] read(8):FF FE 14 AF 02 00 33 04 
[2022.08.29 15:11:48,734] write(72):FF FE 63 D3 42 00 20 03 F1 A7 86 F8 21 00 00 00 00 00 00 00 00 00 00 00 00 00 00 00 00 00 00 00 00 00 00 00 00 00 00 00 00 00 00 00 00 00 00 00 00 00 00 00 00 00 00 00 00 00 00 00 00 00 00 00 00 00 00 00 00 00 00 00 
[2022.08.29 15:11:50,188] read(8):FF FE 16 9F 02 00 34 04 
[2022.08.29 15:11:50,220] read(9):FF FE B0 5E 03 00 35 01 01 
[2022.08.29 15:11:51,739] write(72):FF FE 23 42 42 00 21 03 21 32 83 7C 22 00 00 00 00 00 00 00 00 00 00 00 00 00 00 00 00 00 00 00 00 00 00 00 00 00 00 00 00 00 00 00 00 00 00 00 00 00 00 00 00 00 00 00 00 00 00 00 00 00 00 00 00 00 00 00 00 00 00 00 
[2022.08.29 15:11:53,299] read(8):FF FE 17 FF 02 00 36 04 
[2022.08.29 15:11:54,227] read(9):FF FE 11 9E 03 00 37 01 01 
