[2022.08.29 15:08:29,626] write(145):55 55 CC 0E 02 00 80 00 99 F4 D1 61 01 00 00 00 00 00 00 00 00 00 00 00 00 00 00 00 00 00 00 00 00 00 00 00 00 00 00 00 00 00 00 00 00 00 00 00 00 00 00 00 00 00 00 00 00 00 00 00 00 00 00 00 00 00 00 00 00 00 00 00 00 00 00 00 00 00 00 00 00 00 00 00 00 00 00 00 00 00 00 00 00 00 00 00 00 00 00 00 00 00 00 00 00 00 00 00 00 00 00 00 00 00 00 00 00 00 00 00 00 00 00 00 00 00 00 00 00 00 00 00 00 00 00 00 55 55 88 3C 01 01 01 00 01 
[2022.08.29 15:08:29,704] read(11):55 55 FC E0 82 00 03 00 80 00 00 
[2022.08.29 15:08:29,704] read(11):55 55 FF D9 81 01 03 00 01 80 00 
[2022.08.29 15:08:32,645] write(145):55 55 7B CF 02 02 80 00 26 FB DA FD 02 00 00 00 00 00 00 00 00 00 00 00 00 00 00 00 00 00 00 00 00 00 00 00 00 00 00 00 00 00 00 00 00 00 00 00 00 00 00 00 00 00 00 00 00 00 00 00 00 00 00 00 00 00 00 00 00 00 00 00 00 00 00 00 00 00 00 00 00 00 00 00 00 00 00 00 00 00 00 00 00 00 00 00 00 00 00 00 00 00 00 00 00 00 00 00 00 00 00 00 00 00 00 00 00 00 00 00 00 00 00 00 00 00 00 00 00 00 00 00 00 00 00 00 55 55 C9 85 01 03 01 00 02 
[2022.08.29 15:08:32,692] read(11):55 55 7C C3 82 02 03 00 80 00 02 
[2022.08.29 15:08:32,692] read(11):55 55 0E 3B 81 03 03 00 02 80 00 
[2022.08.29 15:08:35,635] write(145):55 55 51 CF 02 04 80 00 B3 01 DC 89 03 00 00 00 00 00 00 00 00 00 00 00 00 00 00 00 00 00 00 00 00 00 00 00 00 00 00 00 00 00 00 00 00 00 00 00 00 00 00 00 00 00 00 00 00 00 00 00 00 00 00 00 00 00 00 00 00 00 00 00 00 00 00 00 00 00 00 00 00 00 00 00 00 00 00 00 00 00 00 00 00 00 00 00 00 00 00 00 00 00 00 00 00 00 00 00 00 00 00 00 00 00 00 00 00 00 00 00 00 00 00 00 00 00 00 00 00 00 00 00 00 00 00 00 55 55 08 CD 01 05 01 00 03 
[2022.08.29 15:08:35,684] read(11):55 55 FC A7 82 04 03 00 80 00 04 
[2022.08.29 15:08:35,684] read(11):55 55 5F 9D 81 05 03 00 03 80 00 
[2022.08.29 15:08:38,654] write(145):55 55 04 F4 02 06 80 00 19 E2 BD 1E 04 00 00 00 00 00 00 00 00 00 00 00 00 00 00 00 00 00 00 00 00 00 00 00 00 00 00 00 00 00 00 00 00 00 00 00 00 00 00 00 00 00 00 00 00 00 00 00 00 00 00 00 00 00 00 00 00 00 00 00 00 00 00 00 00 00 00 00 00 00 00 00 00 00 00 00 00 00 00 00 00 00 00 00 00 00 00 00 00 00 00 00 00 00 00 00 00 00 00 00 00 00 00 00 00 00 00 00 00 00 00 00 00 00 00 00 00 00 00 00 00 00 00 00 55 55 48 B7 01 07 01 00 04 
[2022.08.29 15:08:38,701] read(11):55 55 7C 84 82 06 03 00 80 00 06 
[2022.08.29 15:08:38,701] read(11):55 55 EF BE 81 07 03 00 04 80 00 
[2022.08.29 15:08:41,660] write(145):55 55 E7 35 02 08 80 00 8C 18 BB 6A 05 00 00 00 00 00 00 00 00 00 00 00 00 00 00 00 00 00 00 00 00 00 00 00 00 00 00 00 00 00 00 00 00 00 00 00 00 00 00 00 00 00 00 00 00 00 00 00 00 00 00 00 00 00 00 00 00 00 00 00 00 00 00 00 00 00 00 00 00 00 00 00 00 00 00 00 00 00 00 00 00 00 00 00 00 00 00 00 00 00 00 00 00 00 00 00 00 00 00 00 00 00 00 00 00 00 00 00 00 00 00 00 00 00 00 00 00 00 00 00 00 00 00 00 55 55 8B 9F 01 09 01 00 05 
[2022.08.29 15:08:41,722] read(11):55 55 FC 6E 82 08 03 00 80 00 08 
[2022.08.29 15:08:41,722] read(11):55 55 BF 50 81 09 03 00 05 80 00 
[2022.08.29 15:08:44,650] write(145):55 55 50 F4 02 0A 80 00 33 17 B0 F6 06 00 00 00 00 00 00 00 00 00 00 00 00 00 00 00 00 00 00 00 00 00 00 00 00 00 00 00 00 00 00 00 00 00 00 00 00 00 00 00 00 00 00 00 00 00 00 00 00 00 00 00 00 00 00 00 00 00 00 00 00 00 00 00 00 00 00 00 00 00 00 00 00 00 00 00 00 00 00 00 00 00 00 00 00 00 00 00 00 00 00 00 00 00 00 00 00 00 00 00 00 00 00 00 00 00 00 00 00 00 00 00 00 00 00 00 00 00 00 00 00 00 00 00 55 55 CA 26 01 0B 01 00 06 
[2022.08.29 15:08:44,712] read(11):55 55 7C 4D 82 0A 03 00 80 00 0A 
[2022.08.29 15:08:44,712] read(11):55 55 4E B2 81 0B 03 00 06 80 00 
[2022.08.29 15:08:47,669] write(145):55 55 7A F4 02 0C 80 00 A6 ED B6 82 07 00 00 00 00 00 00 00 00 00 00 00 00 00 00 00 00 00 00 00 00 00 00 00 00 00 00 00 00 00 00 00 00 00 00 00 00 00 00 00 00 00 00 00 00 00 00 00 00 00 00 00 00 00 00 00 00 00 00 00 00 00 00 00 00 00 00 00 00 00 00 00 00 00 00 00 00 00 00 00 00 00 00 00 00 00 00 00 00 00 00 00 00 00 00 00 00 00 00 00 00 00 00 00 00 00 00 00 00 00 00 00 00 00 00 00 00 00 00 00 00 00 00 00 55 55 0B 6E 01 0D 01 00 07 
[2022.08.29 15:08:47,732] read(11):55 55 FC 29 82 0C 03 00 80 00 0C 
[2022.08.29 15:08:47,732] read(11):55 55 1F 14 81 0D 03 00 07 80 00 
[2022.08.29 15:08:50,667] write(145):55 55 E8 7A 02 0E 80 00 26 D6 02 03 08 00 00 00 00 00 00 00 00 00 00 00 00 00 00 00 00 00 00 00 00 00 00 00 00 00 00 00 00 00 00 00 00 00 00 00 00 00 00 00 00 00 00 00 00 00 00 00 00 00 00 00 00 00 00 00 00 00 00 00 00 00 00 00 00 00 00 00 00 00 00 00 00 00 00 00 00 00 00 00 00 00 00 00 00 00 00 00 00 00 00 00 00 00 00 00 00 00 00 00 00 00 00 00 00 00 00 00 00 00 00 00 00 00 00 00 00 00 00 00 00 00 00 00 55 55 4A D2 01 0F 01 00 08 
[2022.08.29 15:08:50,730] read(11):55 55 7C 0A 82 0E 03 00 80 00 0E 
[2022.08.29 15:08:50,730] read(11):55 55 2E F5 81 0F 03 00 08 80 00 
[2022.08.29 15:08:53,678] write(145):55 55 9A 78 02 10 80 00 B3 2C 04 77 09 00 00 00 00 00 00 00 00 00 00 00 00 00 00 00 00 00 00 00 00 00 00 00 00 00 00 00 00 00 00 00 00 00 00 00 00 00 00 00 00 00 00 00 00 00 00 00 00 00 00 00 00 00 00 00 00 00 00 00 00 00 00 00 00 00 00 00 00 00 00 00 00 00 00 00 00 00 00 00 00 00 00 00 00 00 00 00 00 00 00 00 00 00 00 00 00 00 00 00 00 00 00 00 00 00 00 00 00 00 00 00 00 00 00 00 00 00 00 00 00 00 00 00 55 55 8D 3A 01 11 01 00 09 
[2022.08.29 15:08:53,725] read(11):55 55 FF BC 82 10 03 00 80 00 10 
[2022.08.29 15:08:53,725] read(11):55 55 7C 8B 81 11 03 00 09 80 00 
[2022.08.29 15:08:56,688] write(145):55 55 2D B9 02 12 80 00 0C 23 0F EB 0A 00 00 00 00 00 00 00 00 00 00 00 00 00 00 00 00 00 00 00 00 00 00 00 00 00 00 00 00 00 00 00 00 00 00 00 00 00 00 00 00 00 00 00 00 00 00 00 00 00 00 00 00 00 00 00 00 00 00 00 00 00 00 00 00 00 00 00 00 00 00 00 00 00 00 00 00 00 00 00 00 00 00 00 00 00 00 00 00 00 00 00 00 00 00 00 00 00 00 00 00 00 00 00 00 00 00 00 00 00 00 00 00 00 00 00 00 00 00 00 00 00 00 00 55 55 CC 83 01 13 01 00 0A 
[2022.08.29 15:08:56,751] read(11):55 55 7F 9F 82 12 03 00 80 00 12 
[2022.08.29 15:08:56,751] read(11):55 55 8D 69 81 13 03 00 0A 80 00 
[2022.08.29 15:08:59,688] write(145):55 55 07 B9 02 14 80 00 99 D9 09 9F 0B 00 00 00 00 00 00 00 00 00 00 00 00 00 00 00 00 00 00 00 00 00 00 00 00 00 00 00 00 00 00 00 00 00 00 00 00 00 00 00 00 00 00 00 00 00 00 00 00 00 00 00 00 00 00 00 00 00 00 00 00 00 00 00 00 00 00 00 00 00 00 00 00 00 00 00 00 00 00 00 00 00 00 00 00 00 00 00 00 00 00 00 00 00 00 00 00 00 00 00 00 00 00 00 00 00 00 00 00 00 00 00 00 00 00 00 00 00 00 00 00 00 00 00 55 55 0D CB 01 15 01 00 0B 
[2022.08.29 15:08:59,750] read(11):55 55 FF FB 82 14 03 00 80 00 14 
[2022.08.29 15:08:59,750] read(11):55 55 DC CF 81 15 03 00 0B 80 00 
[2022.08.29 15:09:02,705] write(145):55 55 52 82 02 16 80 00 33 3A 68 08 0C 00 00 00 00 00 00 00 00 00 00 00 00 00 00 00 00 00 00 00 00 00 00 00 00 00 00 00 00 00 00 00 00 00 00 00 00 00 00 00 00 00 00 00 00 00 00 00 00 00 00 00 00 00 00 00 00 00 00 00 00 00 00 00 00 00 00 00 00 00 00 00 00 00 00 00 00 00 00 00 00 00 00 00 00 00 00 00 00 00 00 00 00 00 00 00 00 00 00 00 00 00 00 00 00 00 00 00 00 00 00 00 00 00 00 00 00 00 00 00 00 00 00 00 55 55 4D B1 01 17 01 00 0C 
[2022.08.29 15:09:02,752] read(11):55 55 7F D8 82 16 03 00 80 00 16 
[2022.08.29 15:09:02,752] read(11):55 55 6C EC 81 17 03 00 0C 80 00 
[2022.08.29 15:09:05,698] write(145):55 55 B1 43 02 18 80 00 A6 C0 6E 7C 0D 00 00 00 00 00 00 00 00 00 00 00 00 00 00 00 00 00 00 00 00 00 00 00 00 00 00 00 00 00 00 00 00 00 00 00 00 00 00 00 00 00 00 00 00 00 00 00 00 00 00 00 00 00 00 00 00 00 00 00 00 00 00 00 00 00 00 00 00 00 00 00 00 00 00 00 00 00 00 00 00 00 00 00 00 00 00 00 00 00 00 00 00 00 00 00 00 00 00 00 00 00 00 00 00 00 00 00 00 00 00 00 00 00 00 00 00 00 00 00 00 00 00 00 55 55 8E 99 01 19 01 00 0D 
[2022.08.29 15:09:05,745] read(11):55 55 FF 32 82 18 03 00 80 00 18 
[2022.08.29 15:09:05,745] read(11):55 55 3C 02 81 19 03 00 0D 80 00 
[2022.08.29 15:09:08,702] write(145):55 55 06 82 02 1A 80 00 19 CF 65 E0 0E 00 00 00 00 00 00 00 00 00 00 00 00 00 00 00 00 00 00 00 00 00 00 00 00 00 00 00 00 00 00 00 00 00 00 00 00 00 00 00 00 00 00 00 00 00 00 00 00 00 00 00 00 00 00 00 00 00 00 00 00 00 00 00 00 00 00 00 00 00 00 00 00 00 00 00 00 00 00 00 00 00 00 00 00 00 00 00 00 00 00 00 00 00 00 00 00 00 00 00 00 00 00 00 00 00 00 00 00 00 00 00 00 00 00 00 00 00 00 00 00 00 00 00 55 55 CF 20 01 1B 01 00 0E 
[2022.08.29 15:09:08,764] read(11):55 55 7F 11 82 1A 03 00 80 00 1A 
[2022.08.29 15:09:08,764] read(11):55 55 CD E0 81 1B 03 00 0E 80 00 
[2022.08.29 15:09:11,707] write(145):55 55 2C 82 02 1C 80 00 8C 35 63 94 0F 00 00 00 00 00 00 00 00 00 00 00 00 00 00 00 00 00 00 00 00 00 00 00 00 00 00 00 00 00 00 00 00 00 00 00 00 00 00 00 00 00 00 00 00 00 00 00 00 00 00 00 00 00 00 00 00 00 00 00 00 00 00 00 00 00 00 00 00 00 00 00 00 00 00 00 00 00 00 00 00 00 00 00 00 00 00 00 00 00 00 00 00 00 00 00 00 00 00 00 00 00 00 00 00 00 00 00 00 00 00 00 00 00 00 00 00 00 00 00 00 00 00 00 55 55 0E 68 01 1D 01 00 0F 
[2022.08.29 15:09:11,770] read(11):55 55 FF 75 82 1C 03 00 80 00 1C 
[2022.08.29 15:09:11,770] read(11):55 55 9C 46 81 1D 03 00 0F 80 00 
[2022.08.29 15:09:14,727] write(145):55 55 33 27 02 1E 80 00 58 BE 7C 38 10 00 00 00 00 00 00 00 00 00 00 00 00 00 00 00 00 00 00 00 00 00 00 00 00 00 00 00 00 00 00 00 00 00 00 00 00 00 00 00 00 00 00 00 00 00 00 00 00 00 00 00 00 00 00 00 00 00 00 00 00 00 00 00 00 00 00 00 00 00 00 00 00 00 00 00 00 00 00 00 00 00 00 00 00 00 00 00 00 00 00 00 00 00 00 00 00 00 00 00 00 00 00 00 00 00 00 00 00 00 00 00 00 00 00 00 00 00 00 00 00 00 00 00 55 55 4E 18 01 1F 01 00 10 
[2022.08.29 15:09:14,774] read(11):55 55 7F 56 82 1E 03 00 80 00 1E 
[2022.08.29 15:09:14,774] read(11):55 55 AC 62 81 1F 03 00 10 80 00 
[2022.08.29 15:09:17,717] write(145):55 55 60 E2 02 20 80 00 CD 44 7A 4C 11 00 00 00 00 00 00 00 00 00 00 00 00 00 00 00 00 00 00 00 00 00 00 00 00 00 00 00 00 00 00 00 00 00 00 00 00 00 00 00 00 00 00 00 00 00 00 00 00 00 00 00 00 00 00 00 00 00 00 00 00 00 00 00 00 00 00 00 00 00 00 00 00 00 00 00 00 00 00 00 00 00 00 00 00 00 00 00 00 00 00 00 00 00 00 00 00 00 00 00 00 00 00 00 00 00 00 00 00 00 00 00 00 00 00 00 00 00 00 00 00 00 00 00 55 55 82 30 01 21 01 00 11 
[2022.08.29 15:09:17,764] read(11):55 55 FA 58 82 20 03 00 80 00 20 
[2022.08.29 15:09:17,764] read(11):55 55 F9 7C 81 21 03 00 11 80 00 
[2022.08.29 15:09:20,735] write(145):55 55 D7 23 02 22 80 00 72 4B 71 D0 12 00 00 00 00 00 00 00 00 00 00 00 00 00 00 00 00 00 00 00 00 00 00 00 00 00 00 00 00 00 00 00 00 00 00 00 00 00 00 00 00 00 00 00 00 00 00 00 00 00 00 00 00 00 00 00 00 00 00 00 00 00 00 00 00 00 00 00 00 00 00 00 00 00 00 00 00 00 00 00 00 00 00 00 00 00 00 00 00 00 00 00 00 00 00 00 00 00 00 00 00 00 00 00 00 00 00 00 00 00 00 00 00 00 00 00 00 00 00 00 00 00 00 00 55 55 C3 89 01 23 01 00 12 
[2022.08.29 15:09:20,782] read(11):55 55 7A 7B 82 22 03 00 80 00 22 
[2022.08.29 15:09:20,798] read(11):55 55 08 9E 81 23 03 00 12 80 00 
[2022.08.29 15:09:23,740] write(145):55 55 FD 23 02 24 80 00 E7 B1 77 A4 13 00 00 00 00 00 00 00 00 00 00 00 00 00 00 00 00 00 00 00 00 00 00 00 00 00 00 00 00 00 00 00 00 00 00 00 00 00 00 00 00 00 00 00 00 00 00 00 00 00 00 00 00 00 00 00 00 00 00 00 00 00 00 00 00 00 00 00 00 00 00 00 00 00 00 00 00 00 00 00 00 00 00 00 00 00 00 00 00 00 00 00 00 00 00 00 00 00 00 00 00 00 00 00 00 00 00 00 00 00 00 00 00 00 00 00 00 00 00 00 00 00 00 00 55 55 02 C1 01 25 01 00 13 
[2022.08.29 15:09:23,803] read(11):55 55 FA 1F 82 24 03 00 80 00 24 
[2022.08.29 15:09:23,803] read(11):55 55 59 38 81 25 03 00 13 80 00 
[2022.08.29 15:09:26,740] write(145):55 55 A8 18 02 26 80 00 4D 52 16 33 14 00 00 00 00 00 00 00 00 00 00 00 00 00 00 00 00 00 00 00 00 00 00 00 00 00 00 00 00 00 00 00 00 00 00 00 00 00 00 00 00 00 00 00 00 00 00 00 00 00 00 00 00 00 00 00 00 00 00 00 00 00 00 00 00 00 00 00 00 00 00 00 00 00 00 00 00 00 00 00 00 00 00 00 00 00 00 00 00 00 00 00 00 00 00 00 00 00 00 00 00 00 00 00 00 00 00 00 00 00 00 00 00 00 00 00 00 00 00 00 00 00 00 00 55 55 42 BB 01 27 01 00 14 
[2022.08.29 15:09:26,802] read(11):55 55 7A 3C 82 26 03 00 80 00 26 
[2022.08.29 15:09:26,802] read(11):55 55 E9 1B 81 27 03 00 14 80 00 
[2022.08.29 15:09:29,777] write(145):55 55 4B D9 02 28 80 00 D8 A8 10 47 15 00 00 00 00 00 00 00 00 00 00 00 00 00 00 00 00 00 00 00 00 00 00 00 00 00 00 00 00 00 00 00 00 00 00 00 00 00 00 00 00 00 00 00 00 00 00 00 00 00 00 00 00 00 00 00 00 00 00 00 00 00 00 00 00 00 00 00 00 00 00 00 00 00 00 00 00 00 00 00 00 00 00 00 00 00 00 00 00 00 00 00 00 00 00 00 00 00 00 00 00 00 00 00 00 00 00 00 00 00 00 00 00 00 00 00 00 00 00 00 00 00 00 00 55 55 81 93 01 29 01 00 15 
[2022.08.29 15:09:29,840] read(11):55 55 FA D6 82 28 03 00 80 00 28 
[2022.08.29 15:09:29,840] read(11):55 55 B9 F5 81 29 03 00 15 80 00 
[2022.08.29 15:09:32,801] write(145):55 55 FC 18 02 2A 80 00 67 A7 1B DB 16 00 00 00 00 00 00 00 00 00 00 00 00 00 00 00 00 00 00 00 00 00 00 00 00 00 00 00 00 00 00 00 00 00 00 00 00 00 00 00 00 00 00 00 00 00 00 00 00 00 00 00 00 00 00 00 00 00 00 00 00 00 00 00 00 00 00 00 00 00 00 00 00 00 00 00 00 00 00 00 00 00 00 00 00 00 00 00 00 00 00 00 00 00 00 00 00 00 00 00 00 00 00 00 00 00 00 00 00 00 00 00 00 00 00 00 00 00 00 00 00 00 00 00 55 55 C0 2A 01 2B 01 00 16 
[2022.08.29 15:09:32,864] read(11):55 55 7A F5 82 2A 03 00 80 00 2A 
[2022.08.29 15:09:32,864] read(11):55 55 48 17 81 2B 03 00 16 80 00 
[2022.08.29 15:09:35,802] write(145):55 55 D6 18 02 2C 80 00 F2 5D 1D AF 17 00 00 00 00 00 00 00 00 00 00 00 00 00 00 00 00 00 00 00 00 00 00 00 00 00 00 00 00 00 00 00 00 00 00 00 00 00 00 00 00 00 00 00 00 00 00 00 00 00 00 00 00 00 00 00 00 00 00 00 00 00 00 00 00 00 00 00 00 00 00 00 00 00 00 00 00 00 00 00 00 00 00 00 00 00 00 00 00 00 00 00 00 00 00 00 00 00 00 00 00 00 00 00 00 00 00 00 00 00 00 00 00 00 00 00 00 00 00 00 00 00 00 00 55 55 01 62 01 2D 01 00 17 
[2022.08.29 15:09:35,864] read(11):55 55 FA 91 82 2C 03 00 80 00 2C 
[2022.08.29 15:09:35,864] read(11):55 55 19 B1 81 2D 03 00 17 80 00 
[2022.08.29 15:09:38,807] write(145):55 55 44 96 02 2E 80 00 72 66 A9 2E 18 00 00 00 00 00 00 00 00 00 00 00 00 00 00 00 00 00 00 00 00 00 00 00 00 00 00 00 00 00 00 00 00 00 00 00 00 00 00 00 00 00 00 00 00 00 00 00 00 00 00 00 00 00 00 00 00 00 00 00 00 00 00 00 00 00 00 00 00 00 00 00 00 00 00 00 00 00 00 00 00 00 00 00 00 00 00 00 00 00 00 00 00 00 00 00 00 00 00 00 00 00 00 00 00 00 00 00 00 00 00 00 00 00 00 00 00 00 00 00 00 00 00 00 55 55 40 DE 01 2F 01 00 18 
[2022.08.29 15:09:38,854] read(11):55 55 7A B2 82 2E 03 00 80 00 2E 
[2022.08.29 15:09:38,854] read(11):55 55 28 50 81 2F 03 00 18 80 00 
[2022.08.29 15:09:41,809] write(145):55 55 36 94 02 30 80 00 E7 9C AF 5A 19 00 00 00 00 00 00 00 00 00 00 00 00 00 00 00 00 00 00 00 00 00 00 00 00 00 00 00 00 00 00 00 00 00 00 00 00 00 00 00 00 00 00 00 00 00 00 00 00 00 00 00 00 00 00 00 00 00 00 00 00 00 00 00 00 00 00 00 00 00 00 00 00 00 00 00 00 00 00 00 00 00 00 00 00 00 00 00 00 00 00 00 00 00 00 00 00 00 00 00 00 00 00 00 00 00 00 00 00 00 00 00 00 00 00 00 00 00 00 00 00 00 00 00 55 55 87 36 01 31 01 00 19 
[2022.08.29 15:09:41,872] read(11):55 55 F9 04 82 30 03 00 80 00 30 
[2022.08.29 15:09:41,872] read(11):55 55 7A 2E 81 31 03 00 19 80 00 
[2022.08.29 15:09:44,824] write(145):55 55 81 55 02 32 80 00 58 93 A4 C6 1A 00 00 00 00 00 00 00 00 00 00 00 00 00 00 00 00 00 00 00 00 00 00 00 00 00 00 00 00 00 00 00 00 00 00 00 00 00 00 00 00 00 00 00 00 00 00 00 00 00 00 00 00 00 00 00 00 00 00 00 00 00 00 00 00 00 00 00 00 00 00 00 00 00 00 00 00 00 00 00 00 00 00 00 00 00 00 00 00 00 00 00 00 00 00 00 00 00 00 00 00 00 00 00 00 00 00 00 00 00 00 00 00 00 00 00 00 00 00 00 00 00 00 00 55 55 C6 8F 01 33 01 00 1A 
[2022.08.29 15:09:44,887] read(11):55 55 79 27 82 32 03 00 80 00 32 
[2022.08.29 15:09:44,887] read(11):55 55 8B CC 81 33 03 00 1A 80 00 
[2022.08.29 15:09:47,830] write(145):55 55 AB 55 02 34 80 00 CD 69 A2 B2 1B 00 00 00 00 00 00 00 00 00 00 00 00 00 00 00 00 00 00 00 00 00 00 00 00 00 00 00 00 00 00 00 00 00 00 00 00 00 00 00 00 00 00 00 00 00 00 00 00 00 00 00 00 00 00 00 00 00 00 00 00 00 00 00 00 00 00 00 00 00 00 00 00 00 00 00 00 00 00 00 00 00 00 00 00 00 00 00 00 00 00 00 00 00 00 00 00 00 00 00 00 00 00 00 00 00 00 00 00 00 00 00 00 00 00 00 00 00 00 00 00 00 00 00 55 55 07 C7 01 35 01 00 1B 
[2022.08.29 15:09:47,893] read(11):55 55 F9 43 82 34 03 00 80 00 34 
[2022.08.29 15:09:47,893] read(11):55 55 DA 6A 81 35 03 00 1B 80 00 
[2022.08.29 15:09:50,837] write(145):55 55 FE 6E 02 36 80 00 67 8A C3 25 1C 00 00 00 00 00 00 00 00 00 00 00 00 00 00 00 00 00 00 00 00 00 00 00 00 00 00 00 00 00 00 00 00 00 00 00 00 00 00 00 00 00 00 00 00 00 00 00 00 00 00 00 00 00 00 00 00 00 00 00 00 00 00 00 00 00 00 00 00 00 00 00 00 00 00 00 00 00 00 00 00 00 00 00 00 00 00 00 00 00 00 00 00 00 00 00 00 00 00 00 00 00 00 00 00 00 00 00 00 00 00 00 00 00 00 00 00 00 00 00 00 00 00 00 55 55 47 BD 01 37 01 00 1C 
[2022.08.29 15:09:50,883] read(11):55 55 79 60 82 36 03 00 80 00 36 
[2022.08.29 15:09:50,883] read(11):55 55 6A 49 81 37 03 00 1C 80 00 
[2022.08.29 15:09:53,827] write(145):55 55 1D AF 02 38 80 00 F2 70 C5 51 1D 00 00 00 00 00 00 00 00 00 00 00 00 00 00 00 00 00 00 00 00 00 00 00 00 00 00 00 00 00 00 00 00 00 00 00 00 00 00 00 00 00 00 00 00 00 00 00 00 00 00 00 00 00 00 00 00 00 00 00 00 00 00 00 00 00 00 00 00 00 00 00 00 00 00 00 00 00 00 00 00 00 00 00 00 00 00 00 00 00 00 00 00 00 00 00 00 00 00 00 00 00 00 00 00 00 00 00 00 00 00 00 00 00 00 00 00 00 00 00 00 00 00 00 55 55 84 95 01 39 01 00 1D 
[2022.08.29 15:09:53,874] read(11):55 55 F9 8A 82 38 03 00 80 00 38 
[2022.08.29 15:09:53,874] read(11):55 55 3A A7 81 39 03 00 1D 80 00 
[2022.08.29 15:09:56,828] write(145):55 55 AA 6E 02 3A 80 00 4D 7F CE CD 1E 00 00 00 00 00 00 00 00 00 00 00 00 00 00 00 00 00 00 00 00 00 00 00 00 00 00 00 00 00 00 00 00 00 00 00 00 00 00 00 00 00 00 00 00 00 00 00 00 00 00 00 00 00 00 00 00 00 00 00 00 00 00 00 00 00 00 00 00 00 00 00 00 00 00 00 00 00 00 00 00 00 00 00 00 00 00 00 00 00 00 00 00 00 00 00 00 00 00 00 00 00 00 00 00 00 00 00 00 00 00 00 00 00 00 00 00 00 00 00 00 00 00 00 55 55 C5 2C 01 3B 01 00 1E 
[2022.08.29 15:09:56,875] read(11):55 55 79 A9 82 3A 03 00 80 00 3A 
[2022.08.29 15:09:56,875] read(11):55 55 CB 45 81 3B 03 00 1E 80 00 
[2022.08.29 15:09:59,824] write(145):55 55 80 6E 02 3C 80 00 D8 85 C8 B9 1F 00 00 00 00 00 00 00 00 00 00 00 00 00 00 00 00 00 00 00 00 00 00 00 00 00 00 00 00 00 00 00 00 00 00 00 00 00 00 00 00 00 00 00 00 00 00 00 00 00 00 00 00 00 00 00 00 00 00 00 00 00 00 00 00 00 00 00 00 00 00 00 00 00 00 00 00 00 00 00 00 00 00 00 00 00 00 00 00 00 00 00 00 00 00 00 00 00 00 00 00 00 00 00 00 00 00 00 00 00 00 00 00 00 00 00 00 00 00 00 00 00 00 00 55 55 04 64 01 3D 01 00 1F 
[2022.08.29 15:09:59,887] read(11):55 55 F9 CD 82 3C 03 00 80 00 3C 
[2022.08.29 15:09:59,887] read(11):55 55 9A E3 81 3D 03 00 1F 80 00 
[2022.08.29 15:10:02,830] write(145):55 55 85 9C 02 3E 80 00 A4 6E 80 4E 20 00 00 00 00 00 00 00 00 00 00 00 00 00 00 00 00 00 00 00 00 00 00 00 00 00 00 00 00 00 00 00 00 00 00 00 00 00 00 00 00 00 00 00 00 00 00 00 00 00 00 00 00 00 00 00 00 00 00 00 00 00 00 00 00 00 00 00 00 00 00 00 00 00 00 00 00 00 00 00 00 00 00 00 00 00 00 00 00 00 00 00 00 00 00 00 00 00 00 00 00 00 00 00 00 00 00 00 00 00 00 00 00 00 00 00 00 00 00 00 00 00 00 00 55 55 45 CC 01 3F 01 00 20 
[2022.08.29 15:10:02,876] read(11):55 55 79 EE 82 3E 03 00 80 00 3E 
[2022.08.29 15:10:02,876] read(11):55 55 AB 0D 81 3F 03 00 20 80 00 
[2022.08.29 15:10:05,836] write(145):55 55 97 97 02 40 80 00 31 94 86 3A 21 00 00 00 00 00 00 00 00 00 00 00 00 00 00 00 00 00 00 00 00 00 00 00 00 00 00 00 00 00 00 00 00 00 00 00 00 00 00 00 00 00 00 00 00 00 00 00 00 00 00 00 00 00 00 00 00 00 00 00 00 00 00 00 00 00 00 00 00 00 00 00 00 00 00 00 00 00 00 00 00 00 00 00 00 00 00 00 00 00 00 00 00 00 00 00 00 00 00 00 00 00 00 00 00 00 00 00 00 00 00 00 00 00 00 00 00 00 00 00 00 00 00 00 55 55 9C 24 01 41 01 00 21 
[2022.08.29 15:10:05,882] read(11):55 55 F3 D0 82 40 03 00 80 00 40 
[2022.08.29 15:10:05,898] read(11):55 55 F0 D3 81 41 03 00 21 80 00 
[2022.08.29 15:10:08,826] write(145):55 55 20 56 02 42 80 00 8E 9B 8D A6 22 00 00 00 00 00 00 00 00 00 00 00 00 00 00 00 00 00 00 00 00 00 00 00 00 00 00 00 00 00 00 00 00 00 00 00 00 00 00 00 00 00 00 00 00 00 00 00 00 00 00 00 00 00 00 00 00 00 00 00 00 00 00 00 00 00 00 00 00 00 00 00 00 00 00 00 00 00 00 00 00 00 00 00 00 00 00 00 00 00 00 00 00 00 00 00 00 00 00 00 00 00 00 00 00 00 00 00 00 00 00 00 00 00 00 00 00 00 00 00 00 00 00 00 55 55 DD 9D 01 43 01 00 22 
[2022.08.29 15:10:08,873] read(11):55 55 73 F3 82 42 03 00 80 00 42 
[2022.08.29 15:10:08,889] read(11):55 55 01 31 81 43 03 00 22 80 00 
[2022.08.29 15:10:14,213] read(72):55 55 69 D8 83 00 40 00 87 07 C1 CE 01 00 00 00 00 00 00 00 00 00 00 00 00 00 00 00 00 00 00 00 00 00 00 00 00 00 00 00 00 00 00 00 00 00 00 00 00 00 00 00 00 00 00 00 00 00 00 00 00 00 00 00 00 00 00 00 00 00 00 00 
[2022.08.29 15:10:17,094] read(72):55 55 6D 61 83 01 40 00 57 92 C4 4A 02 00 00 00 00 00 00 00 00 00 00 00 00 00 00 00 00 00 00 00 00 00 00 00 00 00 00 00 00 00 00 00 00 00 00 00 00 00 00 00 00 00 00 00 00 00 00 00 00 00 00 00 00 00 00 00 00 00 00 00 
[2022.08.29 15:10:20,224] read(72):55 55 6A 1A 83 02 40 00 D8 1C 17 80 03 00 00 00 00 00 00 00 00 00 00 00 00 00 00 00 00 00 00 00 00 00 00 00 00 00 00 00 00 00 00 00 00 00 00 00 00 00 00 00 00 00 00 00 00 00 00 00 00 00 00 00 00 00 00 00 00 00 00 00 
[2022.08.29 15:10:23,100] read(72):55 55 3A 57 83 03 40 00 B6 BF BE 99 04 00 00 00 00 00 00 00 00 00 00 00 00 00 00 00 00 00 00 00 00 00 00 00 00 00 00 00 00 00 00 00 00 00 00 00 00 00 00 00 00 00 00 00 00 00 00 00 00 00 00 00 00 00 00 00 00 00 00 00 
[2022.08.29 15:10:26,220] read(72):55 55 6C 1C 83 04 40 00 39 31 6D 53 05 00 00 00 00 00 00 00 00 00 00 00 00 00 00 00 00 00 00 00 00 00 00 00 00 00 00 00 00 00 00 00 00 00 00 00 00 00 00 00 00 00 00 00 00 00 00 00 00 00 00 00 00 00 00 00 00 00 00 00 
[2022.08.29 15:10:29,096] read(72):55 55 68 A5 83 05 40 00 E9 A4 68 D7 06 00 00 00 00 00 00 00 00 00 00 00 00 00 00 00 00 00 00 00 00 00 00 00 00 00 00 00 00 00 00 00 00 00 00 00 00 00 00 00 00 00 00 00 00 00 00 00 00 00 00 00 00 00 00 00 00 00 00 00 
[2022.08.29 15:10:32,216] read(72):55 55 6F DE 83 06 40 00 66 2A BB 1D 07 00 00 00 00 00 00 00 00 00 00 00 00 00 00 00 00 00 00 00 00 00 00 00 00 00 00 00 00 00 00 00 00 00 00 00 00 00 00 00 00 00 00 00 00 00 00 00 00 00 00 00 00 00 00 00 00 00 00 00 
[2022.08.29 15:10:35,331] read(72):55 55 C8 3F 83 07 40 00 35 E2 3B E4 08 00 00 00 00 00 00 00 00 00 00 00 00 00 00 00 00 00 00 00 00 00 00 00 00 00 00 00 00 00 00 00 00 00 00 00 00 00 00 00 00 00 00 00 00 00 00 00 00 00 00 00 00 00 00 00 00 00 00 00 
[2022.08.29 15:10:38,213] read(72):55 55 3C 14 83 08 40 00 BA 6C E8 2E 09 00 00 00 00 00 00 00 00 00 00 00 00 00 00 00 00 00 00 00 00 00 00 00 00 00 00 00 00 00 00 00 00 00 00 00 00 00 00 00 00 00 00 00 00 00 00 00 00 00 00 00 00 00 00 00 00 00 00 00 
[2022.08.29 15:10:41,329] read(72):55 55 38 AD 83 09 40 00 6A F9 ED AA 0A 00 00 00 00 00 00 00 00 00 00 00 00 00 00 00 00 00 00 00 00 00 00 00 00 00 00 00 00 00 00 00 00 00 00 00 00 00 00 00 00 00 00 00 00 00 00 00 00 00 00 00 00 00 00 00 00 00 00 00 
[2022.08.29 15:10:44,210] read(72):55 55 3F D6 83 0A 40 00 E5 77 3E 60 0B 00 00 00 00 00 00 00 00 00 00 00 00 00 00 00 00 00 00 00 00 00 00 00 00 00 00 00 00 00 00 00 00 00 00 00 00 00 00 00 00 00 00 00 00 00 00 00 00 00 00 00 00 00 00 00 00 00 00 00 
[2022.08.29 15:10:47,340] read(72):55 55 6F 9B 83 0B 40 00 8B D4 97 79 0C 00 00 00 00 00 00 00 00 00 00 00 00 00 00 00 00 00 00 00 00 00 00 00 00 00 00 00 00 00 00 00 00 00 00 00 00 00 00 00 00 00 00 00 00 00 00 00 00 00 00 00 00 00 00 00 00 00 00 00 
[2022.08.29 15:10:50,222] read(72):55 55 39 D0 83 0C 40 00 04 5A 44 B3 0D 00 00 00 00 00 00 00 00 00 00 00 00 00 00 00 00 00 00 00 00 00 00 00 00 00 00 00 00 00 00 00 00 00 00 00 00 00 00 00 00 00 00 00 00 00 00 00 00 00 00 00 00 00 00 00 00 00 00 00 
[2022.08.29 15:10:53,332] read(72):55 55 3D 69 83 0D 40 00 D4 CF 41 37 0E 00 00 00 00 00 00 00 00 00 00 00 00 00 00 00 00 00 00 00 00 00 00 00 00 00 00 00 00 00 00 00 00 00 00 00 00 00 00 00 00 00 00 00 00 00 00 00 00 00 00 00 00 00 00 00 00 00 00 00 
[2022.08.29 15:10:56,218] read(72):55 55 3A 12 83 0E 40 00 5B 41 92 FD 0F 00 00 00 00 00 00 00 00 00 00 00 00 00 00 00 00 00 00 00 00 00 00 00 00 00 00 00 00 00 00 00 00 00 00 00 00 00 00 00 00 00 00 00 00 00 00 00 00 00 00 00 00 00 00 00 00 00 00 00 
[2022.08.29 15:10:59,335] read(72):55 55 2C EE 83 0F 40 00 33 59 31 1F 10 00 00 00 00 00 00 00 00 00 00 00 00 00 00 00 00 00 00 00 00 00 00 00 00 00 00 00 00 00 00 00 00 00 00 00 00 00 00 00 00 00 00 00 00 00 00 00 00 00 00 00 00 00 00 00 00 00 00 00 
[2022.08.29 15:11:02,216] read(72):55 55 9C 04 83 10 40 00 BC D7 E2 D5 11 00 00 00 00 00 00 00 00 00 00 00 00 00 00 00 00 00 00 00 00 00 00 00 00 00 00 00 00 00 00 00 00 00 00 00 00 00 00 00 00 00 00 00 00 00 00 00 00 00 00 00 00 00 00 00 00 00 00 00 
[2022.08.29 15:11:05,332] read(72):55 55 98 BD 83 11 40 00 6C 42 E7 51 12 00 00 00 00 00 00 00 00 00 00 00 00 00 00 00 00 00 00 00 00 00 00 00 00 00 00 00 00 00 00 00 00 00 00 00 00 00 00 00 00 00 00 00 00 00 00 00 00 00 00 00 00 00 00 00 00 00 00 00 
[2022.08.29 15:11:08,212] read(72):55 55 9F C6 83 12 40 00 E3 CC 34 9B 13 00 00 00 00 00 00 00 00 00 00 00 00 00 00 00 00 00 00 00 00 00 00 00 00 00 00 00 00 00 00 00 00 00 00 00 00 00 00 00 00 00 00 00 00 00 00 00 00 00 00 00 00 00 00 00 00 00 00 00 
[2022.08.29 15:11:11,344] read(72):55 55 CF 8B 83 13 40 00 8D 6F 9D 82 14 00 00 00 00 00 00 00 00 00 00 00 00 00 00 00 00 00 00 00 00 00 00 00 00 00 00 00 00 00 00 00 00 00 00 00 00 00 00 00 00 00 00 00 00 00 00 00 00 00 00 00 00 00 00 00 00 00 00 00 
[2022.08.29 15:11:14,209] read(72):55 55 99 C0 83 14 40 00 02 E1 4E 48 15 00 00 00 00 00 00 00 00 00 00 00 00 00 00 00 00 00 00 00 00 00 00 00 00 00 00 00 00 00 00 00 00 00 00 00 00 00 00 00 00 00 00 00 00 00 00 00 00 00 00 00 00 00 00 00 00 00 00 00 
[2022.08.29 15:11:17,094] read(72):55 55 9D 79 83 15 40 00 D2 74 4B CC 16 00 00 00 00 00 00 00 00 00 00 00 00 00 00 00 00 00 00 00 00 00 00 00 00 00 00 00 00 00 00 00 00 00 00 00 00 00 00 00 00 00 00 00 00 00 00 00 00 00 00 00 00 00 00 00 00 00 00 00 
[2022.08.29 15:11:20,215] read(72):55 55 9A 02 83 16 40 00 5D FA 98 06 17 00 00 00 00 00 00 00 00 00 00 00 00 00 00 00 00 00 00 00 00 00 00 00 00 00 00 00 00 00 00 00 00 00 00 00 00 00 00 00 00 00 00 00 00 00 00 00 00 00 00 00 00 00 00 00 00 00 00 00 
[2022.08.29 15:11:23,352] read(72):55 55 3D E3 83 17 40 00 0E 32 18 FF 18 00 00 00 00 00 00 00 00 00 00 00 00 00 00 00 00 00 00 00 00 00 00 00 00 00 00 00 00 00 00 00 00 00 00 00 00 00 00 00 00 00 00 00 00 00 00 00 00 00 00 00 00 00 00 00 00 00 00 00 
[2022.08.29 15:11:26,216] read(72):55 55 C9 C8 83 18 40 00 81 BC CB 35 19 00 00 00 00 00 00 00 00 00 00 00 00 00 00 00 00 00 00 00 00 00 00 00 00 00 00 00 00 00 00 00 00 00 00 00 00 00 00 00 00 00 00 00 00 00 00 00 00 00 00 00 00 00 00 00 00 00 00 00 
[2022.08.29 15:11:29,334] read(72):55 55 CD 71 83 19 40 00 51 29 CE B1 1A 00 00 00 00 00 00 00 00 00 00 00 00 00 00 00 00 00 00 00 00 00 00 00 00 00 00 00 00 00 00 00 00 00 00 00 00 00 00 00 00 00 00 00 00 00 00 00 00 00 00 00 00 00 00 00 00 00 00 00 
[2022.08.29 15:11:32,211] read(72):55 55 CA 0A 83 1A 40 00 DE A7 1D 7B 1B 00 00 00 00 00 00 00 00 00 00 00 00 00 00 00 00 00 00 00 00 00 00 00 00 00 00 00 00 00 00 00 00 00 00 00 00 00 00 00 00 00 00 00 00 00 00 00 00 00 00 00 00 00 00 00 00 00 00 00 
[2022.08.29 15:11:35,330] read(72):55 55 9A 47 83 1B 40 00 B0 04 B4 62 1C 00 00 00 00 00 00 00 00 00 00 00 00 00 00 00 00 00 00 00 00 00 00 00 00 00 00 00 00 00 00 00 00 00 00 00 00 00 00 00 00 00 00 00 00 00 00 00 00 00 00 00 00 00 00 00 00 00 00 00 
[2022.08.29 15:11:38,209] read(72):55 55 CC 0C 83 1C 40 00 3F 8A 67 A8 1D 00 00 00 00 00 00 00 00 00 00 00 00 00 00 00 00 00 00 00 00 00 00 00 00 00 00 00 00 00 00 00 00 00 00 00 00 00 00 00 00 00 00 00 00 00 00 00 00 00 00 00 00 00 00 00 00 00 00 00 
[2022.08.29 15:11:41,332] read(72):55 55 C8 B5 83 1D 40 00 EF 1F 62 2C 1E 00 00 00 00 00 00 00 00 00 00 00 00 00 00 00 00 00 00 00 00 00 00 00 00 00 00 00 00 00 00 00 00 00 00 00 00 00 00 00 00 00 00 00 00 00 00 00 00 00 00 00 00 00 00 00 00 00 00 00 
[2022.08.29 15:11:44,211] read(72):55 55 CF CE 83 1E 40 00 60 91 B1 E6 1F 00 00 00 00 00 00 00 00 00 00 00 00 00 00 00 00 00 00 00 00 00 00 00 00 00 00 00 00 00 00 00 00 00 00 00 00 00 00 00 00 00 00 00 00 00 00 00 00 00 00 00 00 00 00 00 00 00 00 00 
[2022.08.29 15:11:47,335] read(72):55 55 BB 09 83 1F 40 00 7E 29 55 32 20 00 00 00 00 00 00 00 00 00 00 00 00 00 00 00 00 00 00 00 00 00 00 00 00 00 00 00 00 00 00 00 00 00 00 00 00 00 00 00 00 00 00 00 00 00 00 00 00 00 00 00 00 00 00 00 00 00 00 00 
[2022.08.29 15:11:50,220] read(72):55 55 80 21 83 20 40 00 F1 A7 86 F8 21 00 00 00 00 00 00 00 00 00 00 00 00 00 00 00 00 00 00 00 00 00 00 00 00 00 00 00 00 00 00 00 00 00 00 00 00 00 00 00 00 00 00 00 00 00 00 00 00 00 00 00 00 00 00 00 00 00 00 00 
[2022.08.29 15:11:53,331] read(72):55 55 84 98 83 21 40 00 21 32 83 7C 22 00 00 00 00 00 00 00 00 00 00 00 00 00 00 00 00 00 00 00 00 00 00 00 00 00 00 00 00 00 00 00 00 00 00 00 00 00 00 00 00 00 00 00 00 00 00 00 00 00 00 00 00 00 00 00 00 00 00 00 
